{"C:\\Users\\enzo.villanueva_prag\\Desktop\\plazoleta-microservice\\src\\index.ts": {"path":"C:\\Users\\enzo.villanueva_prag\\Desktop\\plazoleta-microservice\\src\\index.ts","statementMap":{"0":{"start":{"line":1,"column":0},"end":{"line":1,"column":27}},"1":{"start":{"line":2,"column":0},"end":{"line":2,"column":null}},"2":{"start":{"line":3,"column":0},"end":{"line":3,"column":50}},"3":{"start":{"line":4,"column":0},"end":{"line":4,"column":27}},"4":{"start":{"line":5,"column":0},"end":{"line":5,"column":42}},"5":{"start":{"line":6,"column":0},"end":{"line":6,"column":41}},"6":{"start":{"line":8,"column":0},"end":{"line":8,"column":57}},"7":{"start":{"line":9,"column":0},"end":{"line":9,"column":45}},"8":{"start":{"line":10,"column":0},"end":{"line":10,"column":47}},"9":{"start":{"line":11,"column":0},"end":{"line":11,"column":74}},"10":{"start":{"line":12,"column":0},"end":{"line":12,"column":52}},"11":{"start":{"line":13,"column":0},"end":{"line":13,"column":23}},"12":{"start":{"line":15,"column":12},"end":{"line":15,"column":21}},"13":{"start":{"line":17,"column":0},"end":{"line":17,"column":null}},"14":{"start":{"line":18,"column":0},"end":{"line":18,"column":null}},"15":{"start":{"line":19,"column":0},"end":{"line":19,"column":null}},"16":{"start":{"line":20,"column":0},"end":{"line":20,"column":null}},"17":{"start":{"line":22,"column":0},"end":{"line":26,"column":null}},"18":{"start":{"line":23,"column":4},"end":{"line":25,"column":null}},"19":{"start":{"line":28,"column":0},"end":{"line":28,"column":null}},"20":{"start":{"line":29,"column":0},"end":{"line":29,"column":null}},"21":{"start":{"line":30,"column":0},"end":{"line":30,"column":null}},"22":{"start":{"line":31,"column":0},"end":{"line":31,"column":null}},"23":{"start":{"line":32,"column":0},"end":{"line":32,"column":null}},"24":{"start":{"line":35,"column":0},"end":{"line":37,"column":null}},"25":{"start":{"line":36,"column":12},"end":{"line":36,"column":59}},"26":{"start":{"line":37,"column":23},"end":{"line":37,"column":71}},"27":{"start":{"line":39,"column":15},"end":{"line":41,"column":2}},"28":{"start":{"line":40,"column":6},"end":{"line":40,"column":63}},"29":{"start":{"line":43,"column":0},"end":{"line":46,"column":null}}},"fnMap":{"0":{"name":"(anonymous_1)","decl":{"start":{"line":22,"column":13},"end":{"line":22,"column":14}},"loc":{"start":{"line":22,"column":54},"end":{"line":26,"column":1}}},"1":{"name":"(anonymous_2)","decl":{"start":{"line":36,"column":6},"end":{"line":36,"column":9}},"loc":{"start":{"line":36,"column":12},"end":{"line":36,"column":59}}},"2":{"name":"(anonymous_3)","decl":{"start":{"line":37,"column":7},"end":{"line":37,"column":8}},"loc":{"start":{"line":37,"column":23},"end":{"line":37,"column":71}}},"3":{"name":"(anonymous_4)","decl":{"start":{"line":39,"column":43},"end":{"line":39,"column":45}},"loc":{"start":{"line":39,"column":47},"end":{"line":41,"column":1}}}},"branchMap":{"0":{"loc":{"start":{"line":17,"column":16},"end":{"line":17,"column":40}},"type":"binary-expr","locations":[{"start":{"line":17,"column":16},"end":{"line":17,"column":32}},{"start":{"line":17,"column":36},"end":{"line":17,"column":40}}]}},"s":{"0":2,"1":2,"2":2,"3":2,"4":2,"5":2,"6":2,"7":2,"8":2,"9":2,"10":2,"11":2,"12":2,"13":2,"14":2,"15":2,"16":2,"17":2,"18":0,"19":2,"20":2,"21":2,"22":2,"23":2,"24":2,"25":2,"26":0,"27":2,"28":2,"29":2},"f":{"0":0,"1":2,"2":0,"3":2},"b":{"0":[2,2]}}
,"C:\\Users\\enzo.villanueva_prag\\Desktop\\plazoleta-microservice\\src\\connections\\prisma.connection.ts": {"path":"C:\\Users\\enzo.villanueva_prag\\Desktop\\plazoleta-microservice\\src\\connections\\prisma.connection.ts","statementMap":{"0":{"start":{"line":1,"column":0},"end":{"line":1,"column":46}},"1":{"start":{"line":3,"column":15},"end":{"line":3,"column":33}},"2":{"start":{"line":5,"column":0},"end":{"line":5,"column":null}}},"fnMap":{},"branchMap":{},"s":{"0":2,"1":2,"2":2},"f":{},"b":{}}
,"C:\\Users\\enzo.villanueva_prag\\Desktop\\plazoleta-microservice\\src\\controllers\\dish.controller.ts": {"path":"C:\\Users\\enzo.villanueva_prag\\Desktop\\plazoleta-microservice\\src\\controllers\\dish.controller.ts","statementMap":{"0":{"start":{"line":2,"column":0},"end":{"line":2,"column":61}},"1":{"start":{"line":3,"column":0},"end":{"line":3,"column":71}},"2":{"start":{"line":4,"column":0},"end":{"line":4,"column":82}},"3":{"start":{"line":5,"column":0},"end":{"line":5,"column":91}},"4":{"start":{"line":6,"column":0},"end":{"line":6,"column":65}},"5":{"start":{"line":8,"column":0},"end":{"line":8,"column":93}},"6":{"start":{"line":9,"column":0},"end":{"line":9,"column":117}},"7":{"start":{"line":10,"column":0},"end":{"line":10,"column":87}},"8":{"start":{"line":12,"column":19},"end":{"line":12,"column":119}},"9":{"start":{"line":13,"column":23},"end":{"line":13,"column":67}},"10":{"start":{"line":14,"column":28},"end":{"line":14,"column":77}},"11":{"start":{"line":15,"column":33},"end":{"line":15,"column":87}},"12":{"start":{"line":16,"column":20},"end":{"line":16,"column":61}},"13":{"start":{"line":18,"column":29},"end":{"line":37,"column":null}},"14":{"start":{"line":18,"column":67},"end":{"line":37,"column":null}},"15":{"start":{"line":19,"column":91},"end":{"line":19,"column":99}},"16":{"start":{"line":21,"column":4},"end":{"line":36,"column":null}},"17":{"start":{"line":22,"column":29},"end":{"line":22,"column":134}},"18":{"start":{"line":23,"column":8},"end":{"line":23,"column":34}},"19":{"start":{"line":25,"column":8},"end":{"line":29,"column":null}},"20":{"start":{"line":32,"column":8},"end":{"line":35,"column":null}},"21":{"start":{"line":18,"column":13},"end":{"line":18,"column":29}},"22":{"start":{"line":39,"column":26},"end":{"line":59,"column":null}},"23":{"start":{"line":39,"column":63},"end":{"line":59,"column":null}},"24":{"start":{"line":40,"column":21},"end":{"line":40,"column":31}},"25":{"start":{"line":41,"column":41},"end":{"line":41,"column":49}},"26":{"start":{"line":43,"column":4},"end":{"line":58,"column":null}},"27":{"start":{"line":44,"column":28},"end":{"line":44,"column":95}},"28":{"start":{"line":46,"column":8},"end":{"line":50,"column":null}},"29":{"start":{"line":54,"column":8},"end":{"line":57,"column":null}},"30":{"start":{"line":39,"column":13},"end":{"line":39,"column":26}},"31":{"start":{"line":61,"column":31},"end":{"line":80,"column":null}},"32":{"start":{"line":61,"column":69},"end":{"line":80,"column":null}},"33":{"start":{"line":62,"column":23},"end":{"line":62,"column":33}},"34":{"start":{"line":63,"column":27},"end":{"line":63,"column":35}},"35":{"start":{"line":65,"column":4},"end":{"line":79,"column":null}},"36":{"start":{"line":66,"column":28},"end":{"line":66,"column":89}},"37":{"start":{"line":68,"column":8},"end":{"line":72,"column":null}},"38":{"start":{"line":75,"column":8},"end":{"line":78,"column":null}},"39":{"start":{"line":61,"column":13},"end":{"line":61,"column":31}},"40":{"start":{"line":82,"column":38},"end":{"line":100,"column":null}},"41":{"start":{"line":82,"column":75},"end":{"line":100,"column":null}},"42":{"start":{"line":83,"column":42},"end":{"line":83,"column":52}},"43":{"start":{"line":85,"column":4},"end":{"line":99,"column":null}},"44":{"start":{"line":86,"column":27},"end":{"line":86,"column":115}},"45":{"start":{"line":88,"column":8},"end":{"line":92,"column":null}},"46":{"start":{"line":95,"column":8},"end":{"line":98,"column":null}},"47":{"start":{"line":82,"column":13},"end":{"line":82,"column":38}},"48":{"start":{"line":102,"column":31},"end":{"line":120,"column":null}},"49":{"start":{"line":102,"column":69},"end":{"line":120,"column":null}},"50":{"start":{"line":103,"column":23},"end":{"line":103,"column":33}},"51":{"start":{"line":105,"column":4},"end":{"line":119,"column":null}},"52":{"start":{"line":106,"column":26},"end":{"line":106,"column":63}},"53":{"start":{"line":108,"column":8},"end":{"line":112,"column":null}},"54":{"start":{"line":115,"column":8},"end":{"line":118,"column":null}},"55":{"start":{"line":102,"column":13},"end":{"line":102,"column":31}}},"fnMap":{"0":{"name":"(anonymous_8)","decl":{"start":{"line":18,"column":29},"end":{"line":18,"column":36}},"loc":{"start":{"line":18,"column":67},"end":{"line":37,"column":null}}},"1":{"name":"(anonymous_9)","decl":{"start":{"line":18,"column":67},"end":{"line":18,"column":null}},"loc":{"start":{"line":18,"column":67},"end":{"line":37,"column":1}}},"2":{"name":"(anonymous_10)","decl":{"start":{"line":39,"column":26},"end":{"line":39,"column":33}},"loc":{"start":{"line":39,"column":63},"end":{"line":59,"column":null}}},"3":{"name":"(anonymous_11)","decl":{"start":{"line":39,"column":63},"end":{"line":39,"column":null}},"loc":{"start":{"line":39,"column":63},"end":{"line":59,"column":1}}},"4":{"name":"(anonymous_12)","decl":{"start":{"line":61,"column":31},"end":{"line":61,"column":38}},"loc":{"start":{"line":61,"column":69},"end":{"line":80,"column":null}}},"5":{"name":"(anonymous_13)","decl":{"start":{"line":61,"column":69},"end":{"line":61,"column":null}},"loc":{"start":{"line":61,"column":69},"end":{"line":80,"column":1}}},"6":{"name":"(anonymous_14)","decl":{"start":{"line":82,"column":38},"end":{"line":82,"column":45}},"loc":{"start":{"line":82,"column":75},"end":{"line":100,"column":null}}},"7":{"name":"(anonymous_15)","decl":{"start":{"line":82,"column":75},"end":{"line":82,"column":null}},"loc":{"start":{"line":82,"column":75},"end":{"line":100,"column":1}}},"8":{"name":"(anonymous_16)","decl":{"start":{"line":102,"column":31},"end":{"line":102,"column":38}},"loc":{"start":{"line":102,"column":69},"end":{"line":120,"column":null}}},"9":{"name":"(anonymous_17)","decl":{"start":{"line":102,"column":69},"end":{"line":102,"column":null}},"loc":{"start":{"line":102,"column":69},"end":{"line":120,"column":1}}}},"branchMap":{},"s":{"0":2,"1":2,"2":2,"3":2,"4":2,"5":2,"6":2,"7":2,"8":2,"9":2,"10":2,"11":2,"12":2,"13":2,"14":1,"15":1,"16":1,"17":1,"18":1,"19":1,"20":0,"21":2,"22":2,"23":1,"24":1,"25":1,"26":1,"27":1,"28":1,"29":0,"30":2,"31":2,"32":2,"33":2,"34":2,"35":2,"36":2,"37":1,"38":1,"39":2,"40":2,"41":0,"42":0,"43":0,"44":0,"45":0,"46":0,"47":2,"48":2,"49":0,"50":0,"51":0,"52":0,"53":0,"54":0,"55":2},"f":{"0":1,"1":1,"2":1,"3":1,"4":2,"5":2,"6":0,"7":0,"8":0,"9":0},"b":{}}
,"C:\\Users\\enzo.villanueva_prag\\Desktop\\plazoleta-microservice\\src\\controllers\\order.controller.ts": {"path":"C:\\Users\\enzo.villanueva_prag\\Desktop\\plazoleta-microservice\\src\\controllers\\order.controller.ts","statementMap":{"0":{"start":{"line":2,"column":0},"end":{"line":2,"column":64}},"1":{"start":{"line":3,"column":0},"end":{"line":3,"column":78}},"2":{"start":{"line":4,"column":0},"end":{"line":4,"column":85}},"3":{"start":{"line":6,"column":0},"end":{"line":6,"column":96}},"4":{"start":{"line":7,"column":0},"end":{"line":7,"column":90}},"5":{"start":{"line":8,"column":0},"end":{"line":8,"column":114}},"6":{"start":{"line":9,"column":0},"end":{"line":9,"column":108}},"7":{"start":{"line":10,"column":0},"end":{"line":10,"column":93}},"8":{"start":{"line":11,"column":0},"end":{"line":11,"column":136}},"9":{"start":{"line":13,"column":20},"end":{"line":13,"column":177}},"10":{"start":{"line":14,"column":26},"end":{"line":14,"column":114}},"11":{"start":{"line":15,"column":29},"end":{"line":15,"column":80}},"12":{"start":{"line":17,"column":27},"end":{"line":37,"column":null}},"13":{"start":{"line":17,"column":65},"end":{"line":37,"column":null}},"14":{"start":{"line":18,"column":37},"end":{"line":18,"column":45}},"15":{"start":{"line":19,"column":21},"end":{"line":19,"column":36}},"16":{"start":{"line":21,"column":4},"end":{"line":36,"column":null}},"17":{"start":{"line":22,"column":27},"end":{"line":22,"column":83}},"18":{"start":{"line":24,"column":8},"end":{"line":28,"column":null}},"19":{"start":{"line":32,"column":8},"end":{"line":35,"column":null}},"20":{"start":{"line":17,"column":13},"end":{"line":17,"column":27}},"21":{"start":{"line":39,"column":26},"end":{"line":58,"column":null}},"22":{"start":{"line":39,"column":64},"end":{"line":58,"column":null}},"23":{"start":{"line":40,"column":40},"end":{"line":40,"column":50}},"24":{"start":{"line":41,"column":20},"end":{"line":41,"column":35}},"25":{"start":{"line":43,"column":4},"end":{"line":57,"column":null}},"26":{"start":{"line":44,"column":26},"end":{"line":44,"column":113}},"27":{"start":{"line":46,"column":8},"end":{"line":50,"column":null}},"28":{"start":{"line":53,"column":8},"end":{"line":56,"column":null}},"29":{"start":{"line":39,"column":13},"end":{"line":39,"column":26}},"30":{"start":{"line":60,"column":27},"end":{"line":81,"column":null}},"31":{"start":{"line":60,"column":65},"end":{"line":81,"column":null}},"32":{"start":{"line":61,"column":20},"end":{"line":61,"column":38}},"33":{"start":{"line":62,"column":23},"end":{"line":62,"column":42}},"34":{"start":{"line":63,"column":19},"end":{"line":63,"column":34}},"35":{"start":{"line":65,"column":4},"end":{"line":80,"column":null}},"36":{"start":{"line":66,"column":29},"end":{"line":66,"column":96}},"37":{"start":{"line":68,"column":8},"end":{"line":72,"column":null}},"38":{"start":{"line":76,"column":8},"end":{"line":79,"column":null}},"39":{"start":{"line":60,"column":13},"end":{"line":60,"column":27}}},"fnMap":{"0":{"name":"(anonymous_8)","decl":{"start":{"line":17,"column":27},"end":{"line":17,"column":34}},"loc":{"start":{"line":17,"column":65},"end":{"line":37,"column":null}}},"1":{"name":"(anonymous_9)","decl":{"start":{"line":17,"column":65},"end":{"line":17,"column":null}},"loc":{"start":{"line":17,"column":65},"end":{"line":37,"column":1}}},"2":{"name":"(anonymous_10)","decl":{"start":{"line":39,"column":26},"end":{"line":39,"column":33}},"loc":{"start":{"line":39,"column":64},"end":{"line":58,"column":null}}},"3":{"name":"(anonymous_11)","decl":{"start":{"line":39,"column":64},"end":{"line":39,"column":null}},"loc":{"start":{"line":39,"column":64},"end":{"line":58,"column":1}}},"4":{"name":"(anonymous_12)","decl":{"start":{"line":60,"column":27},"end":{"line":60,"column":34}},"loc":{"start":{"line":60,"column":65},"end":{"line":81,"column":null}}},"5":{"name":"(anonymous_13)","decl":{"start":{"line":60,"column":65},"end":{"line":60,"column":null}},"loc":{"start":{"line":60,"column":65},"end":{"line":81,"column":1}}}},"branchMap":{},"s":{"0":2,"1":2,"2":2,"3":2,"4":2,"5":2,"6":2,"7":2,"8":2,"9":2,"10":2,"11":2,"12":2,"13":0,"14":0,"15":0,"16":0,"17":0,"18":0,"19":0,"20":2,"21":2,"22":0,"23":0,"24":0,"25":0,"26":0,"27":0,"28":0,"29":2,"30":2,"31":0,"32":0,"33":0,"34":0,"35":0,"36":0,"37":0,"38":0,"39":2},"f":{"0":0,"1":0,"2":0,"3":0,"4":0,"5":0},"b":{}}
,"C:\\Users\\enzo.villanueva_prag\\Desktop\\plazoleta-microservice\\src\\controllers\\restaurant.controller.ts": {"path":"C:\\Users\\enzo.villanueva_prag\\Desktop\\plazoleta-microservice\\src\\controllers\\restaurant.controller.ts","statementMap":{"0":{"start":{"line":2,"column":0},"end":{"line":2,"column":80}},"1":{"start":{"line":3,"column":0},"end":{"line":3,"column":104}},"2":{"start":{"line":4,"column":0},"end":{"line":4,"column":82}},"3":{"start":{"line":6,"column":0},"end":{"line":6,"column":111}},"4":{"start":{"line":7,"column":0},"end":{"line":7,"column":135}},"5":{"start":{"line":8,"column":0},"end":{"line":8,"column":105}},"6":{"start":{"line":9,"column":0},"end":{"line":9,"column":103}},"7":{"start":{"line":11,"column":25},"end":{"line":11,"column":176}},"8":{"start":{"line":12,"column":36},"end":{"line":12,"column":99}},"9":{"start":{"line":13,"column":27},"end":{"line":13,"column":80}},"10":{"start":{"line":15,"column":35},"end":{"line":34,"column":null}},"11":{"start":{"line":15,"column":73},"end":{"line":34,"column":null}},"12":{"start":{"line":16,"column":114},"end":{"line":16,"column":122}},"13":{"start":{"line":18,"column":4},"end":{"line":33,"column":null}},"14":{"start":{"line":19,"column":35},"end":{"line":19,"column":175}},"15":{"start":{"line":21,"column":8},"end":{"line":25,"column":null}},"16":{"start":{"line":29,"column":8},"end":{"line":32,"column":null}},"17":{"start":{"line":15,"column":13},"end":{"line":15,"column":35}},"18":{"start":{"line":36,"column":33},"end":{"line":55,"column":null}},"19":{"start":{"line":36,"column":71},"end":{"line":55,"column":null}},"20":{"start":{"line":37,"column":29},"end":{"line":37,"column":39}},"21":{"start":{"line":39,"column":4},"end":{"line":54,"column":null}},"22":{"start":{"line":40,"column":32},"end":{"line":40,"column":97}},"23":{"start":{"line":42,"column":8},"end":{"line":46,"column":null}},"24":{"start":{"line":50,"column":8},"end":{"line":53,"column":null}},"25":{"start":{"line":36,"column":13},"end":{"line":36,"column":33}},"26":{"start":{"line":57,"column":30},"end":{"line":75,"column":null}},"27":{"start":{"line":57,"column":68},"end":{"line":75,"column":null}},"28":{"start":{"line":58,"column":28},"end":{"line":58,"column":38}},"29":{"start":{"line":60,"column":4},"end":{"line":74,"column":null}},"30":{"start":{"line":61,"column":32},"end":{"line":61,"column":105}},"31":{"start":{"line":63,"column":8},"end":{"line":67,"column":null}},"32":{"start":{"line":70,"column":8},"end":{"line":73,"column":null}},"33":{"start":{"line":57,"column":13},"end":{"line":57,"column":30}}},"fnMap":{"0":{"name":"(anonymous_8)","decl":{"start":{"line":15,"column":35},"end":{"line":15,"column":42}},"loc":{"start":{"line":15,"column":73},"end":{"line":34,"column":null}}},"1":{"name":"(anonymous_9)","decl":{"start":{"line":15,"column":73},"end":{"line":15,"column":null}},"loc":{"start":{"line":15,"column":73},"end":{"line":34,"column":1}}},"2":{"name":"(anonymous_10)","decl":{"start":{"line":36,"column":33},"end":{"line":36,"column":40}},"loc":{"start":{"line":36,"column":71},"end":{"line":55,"column":null}}},"3":{"name":"(anonymous_11)","decl":{"start":{"line":36,"column":71},"end":{"line":36,"column":null}},"loc":{"start":{"line":36,"column":71},"end":{"line":55,"column":1}}},"4":{"name":"(anonymous_12)","decl":{"start":{"line":57,"column":30},"end":{"line":57,"column":37}},"loc":{"start":{"line":57,"column":68},"end":{"line":75,"column":null}}},"5":{"name":"(anonymous_13)","decl":{"start":{"line":57,"column":68},"end":{"line":57,"column":null}},"loc":{"start":{"line":57,"column":68},"end":{"line":75,"column":1}}}},"branchMap":{},"s":{"0":2,"1":2,"2":2,"3":2,"4":2,"5":2,"6":2,"7":2,"8":2,"9":2,"10":2,"11":2,"12":2,"13":2,"14":2,"15":1,"16":1,"17":2,"18":2,"19":0,"20":0,"21":0,"22":0,"23":0,"24":0,"25":2,"26":2,"27":0,"28":0,"29":0,"30":0,"31":0,"32":0,"33":2},"f":{"0":2,"1":2,"2":0,"3":0,"4":0,"5":0},"b":{}}
,"C:\\Users\\enzo.villanueva_prag\\Desktop\\plazoleta-microservice\\src\\controllers\\restaurant.employee.controller.ts": {"path":"C:\\Users\\enzo.villanueva_prag\\Desktop\\plazoleta-microservice\\src\\controllers\\restaurant.employee.controller.ts","statementMap":{"0":{"start":{"line":2,"column":0},"end":{"line":2,"column":109}},"1":{"start":{"line":3,"column":0},"end":{"line":3,"column":125}},"2":{"start":{"line":5,"column":0},"end":{"line":5,"column":136}},"3":{"start":{"line":6,"column":0},"end":{"line":6,"column":133}},"4":{"start":{"line":8,"column":35},"end":{"line":8,"column":143}},"5":{"start":{"line":9,"column":42},"end":{"line":9,"column":119}},"6":{"start":{"line":11,"column":42},"end":{"line":30,"column":null}},"7":{"start":{"line":11,"column":80},"end":{"line":30,"column":null}},"8":{"start":{"line":12,"column":36},"end":{"line":12,"column":44}},"9":{"start":{"line":14,"column":4},"end":{"line":29,"column":null}},"10":{"start":{"line":15,"column":43},"end":{"line":15,"column":124}},"11":{"start":{"line":17,"column":8},"end":{"line":21,"column":null}},"12":{"start":{"line":25,"column":8},"end":{"line":28,"column":null}},"13":{"start":{"line":11,"column":13},"end":{"line":11,"column":42}},"14":{"start":{"line":32,"column":37},"end":{"line":51,"column":null}},"15":{"start":{"line":32,"column":75},"end":{"line":51,"column":null}},"16":{"start":{"line":33,"column":23},"end":{"line":33,"column":33}},"17":{"start":{"line":35,"column":4},"end":{"line":49,"column":null}},"18":{"start":{"line":36,"column":40},"end":{"line":36,"column":109}},"19":{"start":{"line":38,"column":8},"end":{"line":42,"column":null}},"20":{"start":{"line":45,"column":8},"end":{"line":48,"column":null}},"21":{"start":{"line":32,"column":13},"end":{"line":32,"column":37}}},"fnMap":{"0":{"name":"(anonymous_8)","decl":{"start":{"line":11,"column":42},"end":{"line":11,"column":49}},"loc":{"start":{"line":11,"column":80},"end":{"line":30,"column":null}}},"1":{"name":"(anonymous_9)","decl":{"start":{"line":11,"column":80},"end":{"line":11,"column":null}},"loc":{"start":{"line":11,"column":80},"end":{"line":30,"column":1}}},"2":{"name":"(anonymous_10)","decl":{"start":{"line":32,"column":37},"end":{"line":32,"column":44}},"loc":{"start":{"line":32,"column":75},"end":{"line":51,"column":null}}},"3":{"name":"(anonymous_11)","decl":{"start":{"line":32,"column":75},"end":{"line":32,"column":null}},"loc":{"start":{"line":32,"column":75},"end":{"line":51,"column":1}}}},"branchMap":{},"s":{"0":2,"1":2,"2":2,"3":2,"4":2,"5":2,"6":2,"7":0,"8":0,"9":0,"10":0,"11":0,"12":0,"13":2,"14":2,"15":0,"16":0,"17":0,"18":0,"19":0,"20":0,"21":2},"f":{"0":0,"1":0,"2":0,"3":0},"b":{}}
,"C:\\Users\\enzo.villanueva_prag\\Desktop\\plazoleta-microservice\\src\\core\\dish\\application\\get.dish.by.id.ts": {"path":"C:\\Users\\enzo.villanueva_prag\\Desktop\\plazoleta-microservice\\src\\core\\dish\\application\\get.dish.by.id.ts","statementMap":{"0":{"start":{"line":7,"column":8},"end":{"line":7,"column":null}},"1":{"start":{"line":11,"column":8},"end":{"line":22,"column":null}},"2":{"start":{"line":12,"column":30},"end":{"line":12,"column":86}},"3":{"start":{"line":14,"column":12},"end":{"line":16,"column":null}},"4":{"start":{"line":15,"column":16},"end":{"line":15,"column":null}},"5":{"start":{"line":18,"column":12},"end":{"line":18,"column":null}},"6":{"start":{"line":21,"column":12},"end":{"line":21,"column":null}},"7":{"start":{"line":3,"column":0},"end":{"line":3,"column":21}}},"fnMap":{"0":{"name":"(anonymous_7)","decl":{"start":{"line":6,"column":4},"end":{"line":6,"column":16}},"loc":{"start":{"line":6,"column":68},"end":{"line":8,"column":5}}},"1":{"name":"(anonymous_8)","decl":{"start":{"line":10,"column":10},"end":{"line":10,"column":21}},"loc":{"start":{"line":10,"column":37},"end":{"line":23,"column":null}}}},"branchMap":{"0":{"loc":{"start":{"line":14,"column":12},"end":{"line":16,"column":null}},"type":"if","locations":[{"start":{"line":14,"column":12},"end":{"line":16,"column":null}}]}},"s":{"0":4,"1":5,"2":5,"3":5,"4":0,"5":5,"6":0,"7":2},"f":{"0":4,"1":5},"b":{"0":[0]}}
,"C:\\Users\\enzo.villanueva_prag\\Desktop\\plazoleta-microservice\\src\\core\\dish\\application\\insert.dish.ts": {"path":"C:\\Users\\enzo.villanueva_prag\\Desktop\\plazoleta-microservice\\src\\core\\dish\\application\\insert.dish.ts","statementMap":{"0":{"start":{"line":1,"column":0},"end":{"line":1,"column":39}},"1":{"start":{"line":2,"column":0},"end":{"line":2,"column":40}},"2":{"start":{"line":3,"column":0},"end":{"line":3,"column":40}},"3":{"start":{"line":14,"column":8},"end":{"line":16,"column":null}},"4":{"start":{"line":20,"column":8},"end":{"line":52,"column":null}},"5":{"start":{"line":21,"column":34},"end":{"line":28,"column":15}},"6":{"start":{"line":29,"column":12},"end":{"line":32,"column":null}},"7":{"start":{"line":30,"column":38},"end":{"line":30,"column":131}},"8":{"start":{"line":30,"column":67},"end":{"line":30,"column":123}},"9":{"start":{"line":31,"column":16},"end":{"line":31,"column":null}},"10":{"start":{"line":34,"column":27},"end":{"line":34,"column":73}},"11":{"start":{"line":35,"column":39},"end":{"line":35,"column":101}},"12":{"start":{"line":37,"column":28},"end":{"line":46,"column":14}},"13":{"start":{"line":47,"column":33},"end":{"line":47,"column":89}},"14":{"start":{"line":48,"column":12},"end":{"line":48,"column":null}},"15":{"start":{"line":51,"column":12},"end":{"line":51,"column":null}},"16":{"start":{"line":8,"column":0},"end":{"line":8,"column":21}}},"fnMap":{"0":{"name":"(anonymous_8)","decl":{"start":{"line":13,"column":4},"end":{"line":13,"column":16}},"loc":{"start":{"line":13,"column":175},"end":{"line":17,"column":5}}},"1":{"name":"(anonymous_9)","decl":{"start":{"line":19,"column":10},"end":{"line":19,"column":20}},"loc":{"start":{"line":19,"column":146},"end":{"line":53,"column":null}}},"2":{"name":"(anonymous_11)","decl":{"start":{"line":30,"column":56},"end":{"line":30,"column":57}},"loc":{"start":{"line":30,"column":67},"end":{"line":30,"column":123}}}},"branchMap":{"0":{"loc":{"start":{"line":29,"column":12},"end":{"line":32,"column":null}},"type":"if","locations":[{"start":{"line":29,"column":12},"end":{"line":32,"column":null}}]},"1":{"loc":{"start":{"line":30,"column":67},"end":{"line":30,"column":123}},"type":"cond-expr","locations":[{"start":{"line":30,"column":87},"end":{"line":30,"column":119}},{"start":{"line":30,"column":121},"end":{"line":30,"column":123}}]}},"s":{"0":2,"1":2,"2":2,"3":2,"4":1,"5":1,"6":1,"7":0,"8":0,"9":0,"10":1,"11":1,"12":1,"13":1,"14":1,"15":0,"16":2},"f":{"0":2,"1":1,"2":0},"b":{"0":[0],"1":[0,0]}}
,"C:\\Users\\enzo.villanueva_prag\\Desktop\\plazoleta-microservice\\src\\core\\dish\\application\\list.dishes.by.restaurantId.ts": {"path":"C:\\Users\\enzo.villanueva_prag\\Desktop\\plazoleta-microservice\\src\\core\\dish\\application\\list.dishes.by.restaurantId.ts","statementMap":{"0":{"start":{"line":7,"column":8},"end":{"line":7,"column":null}},"1":{"start":{"line":11,"column":8},"end":{"line":42,"column":null}},"2":{"start":{"line":12,"column":39},"end":{"line":12,"column":114}},"3":{"start":{"line":13,"column":12},"end":{"line":15,"column":null}},"4":{"start":{"line":14,"column":16},"end":{"line":14,"column":null}},"5":{"start":{"line":17,"column":44},"end":{"line":26,"column":18}},"6":{"start":{"line":18,"column":33},"end":{"line":18,"column":48}},"7":{"start":{"line":20,"column":16},"end":{"line":22,"column":null}},"8":{"start":{"line":21,"column":20},"end":{"line":21,"column":null}},"9":{"start":{"line":23,"column":16},"end":{"line":23,"column":null}},"10":{"start":{"line":25,"column":16},"end":{"line":25,"column":null}},"11":{"start":{"line":28,"column":46},"end":{"line":36,"column":14}},"12":{"start":{"line":29,"column":41},"end":{"line":29,"column":74}},"13":{"start":{"line":31,"column":35},"end":{"line":31,"column":51}},"14":{"start":{"line":32,"column":33},"end":{"line":32,"column":45}},"15":{"start":{"line":34,"column":35},"end":{"line":34,"column":79}},"16":{"start":{"line":35,"column":16},"end":{"line":35,"column":null}},"17":{"start":{"line":38,"column":12},"end":{"line":38,"column":null}},"18":{"start":{"line":41,"column":12},"end":{"line":41,"column":null}},"19":{"start":{"line":3,"column":0},"end":{"line":3,"column":21}}},"fnMap":{"0":{"name":"(anonymous_7)","decl":{"start":{"line":6,"column":4},"end":{"line":6,"column":16}},"loc":{"start":{"line":6,"column":68},"end":{"line":8,"column":5}}},"1":{"name":"(anonymous_8)","decl":{"start":{"line":10,"column":10},"end":{"line":10,"column":20}},"loc":{"start":{"line":10,"column":70},"end":{"line":43,"column":null}}},"2":{"name":"(anonymous_10)","decl":{"start":{"line":17,"column":70},"end":{"line":17,"column":71}},"loc":{"start":{"line":17,"column":86},"end":{"line":26,"column":13}}},"3":{"name":"(anonymous_11)","decl":{"start":{"line":28,"column":87},"end":{"line":28,"column":88}},"loc":{"start":{"line":28,"column":100},"end":{"line":36,"column":13}}}},"branchMap":{"0":{"loc":{"start":{"line":13,"column":12},"end":{"line":15,"column":null}},"type":"if","locations":[{"start":{"line":13,"column":12},"end":{"line":15,"column":null}}]},"1":{"loc":{"start":{"line":20,"column":16},"end":{"line":22,"column":null}},"type":"if","locations":[{"start":{"line":20,"column":16},"end":{"line":22,"column":null}}]}},"s":{"0":2,"1":0,"2":0,"3":0,"4":0,"5":0,"6":0,"7":0,"8":0,"9":0,"10":0,"11":0,"12":0,"13":0,"14":0,"15":0,"16":0,"17":0,"18":0,"19":2},"f":{"0":2,"1":0,"2":0,"3":0},"b":{"0":[0],"1":[0]}}
,"C:\\Users\\enzo.villanueva_prag\\Desktop\\plazoleta-microservice\\src\\core\\dish\\application\\update.dish.by.id.ts": {"path":"C:\\Users\\enzo.villanueva_prag\\Desktop\\plazoleta-microservice\\src\\core\\dish\\application\\update.dish.by.id.ts","statementMap":{"0":{"start":{"line":1,"column":0},"end":{"line":1,"column":43}},"1":{"start":{"line":3,"column":0},"end":{"line":3,"column":41}},"2":{"start":{"line":9,"column":8},"end":{"line":9,"column":null}},"3":{"start":{"line":13,"column":8},"end":{"line":32,"column":null}},"4":{"start":{"line":15,"column":34},"end":{"line":18,"column":48}},"5":{"start":{"line":19,"column":12},"end":{"line":22,"column":null}},"6":{"start":{"line":20,"column":38},"end":{"line":20,"column":131}},"7":{"start":{"line":20,"column":67},"end":{"line":20,"column":123}},"8":{"start":{"line":21,"column":16},"end":{"line":21,"column":null}},"9":{"start":{"line":24,"column":32},"end":{"line":24,"column":119}},"10":{"start":{"line":25,"column":12},"end":{"line":27,"column":null}},"11":{"start":{"line":26,"column":16},"end":{"line":26,"column":null}},"12":{"start":{"line":28,"column":12},"end":{"line":28,"column":null}},"13":{"start":{"line":31,"column":12},"end":{"line":31,"column":null}},"14":{"start":{"line":5,"column":0},"end":{"line":5,"column":21}}},"fnMap":{"0":{"name":"(anonymous_8)","decl":{"start":{"line":8,"column":4},"end":{"line":8,"column":16}},"loc":{"start":{"line":8,"column":68},"end":{"line":10,"column":5}}},"1":{"name":"(anonymous_9)","decl":{"start":{"line":12,"column":10},"end":{"line":12,"column":20}},"loc":{"start":{"line":12,"column":80},"end":{"line":33,"column":null}}},"2":{"name":"(anonymous_11)","decl":{"start":{"line":20,"column":56},"end":{"line":20,"column":57}},"loc":{"start":{"line":20,"column":67},"end":{"line":20,"column":123}}}},"branchMap":{"0":{"loc":{"start":{"line":19,"column":12},"end":{"line":22,"column":null}},"type":"if","locations":[{"start":{"line":19,"column":12},"end":{"line":22,"column":null}}]},"1":{"loc":{"start":{"line":20,"column":67},"end":{"line":20,"column":123}},"type":"cond-expr","locations":[{"start":{"line":20,"column":87},"end":{"line":20,"column":119}},{"start":{"line":20,"column":121},"end":{"line":20,"column":123}}]},"2":{"loc":{"start":{"line":25,"column":12},"end":{"line":27,"column":null}},"type":"if","locations":[{"start":{"line":25,"column":12},"end":{"line":27,"column":null}}]}},"s":{"0":2,"1":2,"2":2,"3":1,"4":1,"5":1,"6":0,"7":0,"8":0,"9":1,"10":1,"11":0,"12":1,"13":0,"14":2},"f":{"0":2,"1":1,"2":0},"b":{"0":[0],"1":[0,0],"2":[0]}}
,"C:\\Users\\enzo.villanueva_prag\\Desktop\\plazoleta-microservice\\src\\core\\dish\\application\\update.state.dish.by.id.ts": {"path":"C:\\Users\\enzo.villanueva_prag\\Desktop\\plazoleta-microservice\\src\\core\\dish\\application\\update.state.dish.by.id.ts","statementMap":{"0":{"start":{"line":7,"column":8},"end":{"line":7,"column":null}},"1":{"start":{"line":11,"column":8},"end":{"line":24,"column":null}},"2":{"start":{"line":12,"column":12},"end":{"line":14,"column":null}},"3":{"start":{"line":13,"column":16},"end":{"line":13,"column":null}},"4":{"start":{"line":16,"column":31},"end":{"line":16,"column":107}},"5":{"start":{"line":17,"column":12},"end":{"line":19,"column":null}},"6":{"start":{"line":18,"column":16},"end":{"line":18,"column":null}},"7":{"start":{"line":20,"column":12},"end":{"line":20,"column":null}},"8":{"start":{"line":23,"column":12},"end":{"line":23,"column":null}},"9":{"start":{"line":3,"column":0},"end":{"line":3,"column":21}}},"fnMap":{"0":{"name":"(anonymous_7)","decl":{"start":{"line":6,"column":4},"end":{"line":6,"column":16}},"loc":{"start":{"line":6,"column":68},"end":{"line":8,"column":5}}},"1":{"name":"(anonymous_8)","decl":{"start":{"line":10,"column":10},"end":{"line":10,"column":25}},"loc":{"start":{"line":10,"column":62},"end":{"line":25,"column":null}}}},"branchMap":{"0":{"loc":{"start":{"line":12,"column":12},"end":{"line":14,"column":null}},"type":"if","locations":[{"start":{"line":12,"column":12},"end":{"line":14,"column":null}}]},"1":{"loc":{"start":{"line":17,"column":12},"end":{"line":19,"column":null}},"type":"if","locations":[{"start":{"line":17,"column":12},"end":{"line":19,"column":null}}]}},"s":{"0":2,"1":2,"2":2,"3":1,"4":1,"5":1,"6":0,"7":1,"8":1,"9":2},"f":{"0":2,"1":2},"b":{"0":[1],"1":[0]}}
,"C:\\Users\\enzo.villanueva_prag\\Desktop\\plazoleta-microservice\\src\\core\\dish\\domain\\dish.dto.ts": {"path":"C:\\Users\\enzo.villanueva_prag\\Desktop\\plazoleta-microservice\\src\\core\\dish\\domain\\dish.dto.ts","statementMap":{"0":{"start":{"line":1,"column":0},"end":{"line":1,"column":null}},"1":{"start":{"line":39,"column":8},"end":{"line":44,"column":null}},"2":{"start":{"line":13,"column":4},"end":{"line":13,"column":null}},"3":{"start":{"line":17,"column":4},"end":{"line":17,"column":null}},"4":{"start":{"line":21,"column":4},"end":{"line":21,"column":null}},"5":{"start":{"line":27,"column":4},"end":{"line":27,"column":null}},"6":{"start":{"line":31,"column":4},"end":{"line":31,"column":null}},"7":{"start":{"line":36,"column":4},"end":{"line":36,"column":null}},"8":{"start":{"line":9,"column":0},"end":{"line":9,"column":21}}},"fnMap":{"0":{"name":"(anonymous_1)","decl":{"start":{"line":38,"column":4},"end":{"line":38,"column":16}},"loc":{"start":{"line":38,"column":221},"end":{"line":45,"column":5}}}},"branchMap":{},"s":{"0":2,"1":2,"2":2,"3":2,"4":2,"5":2,"6":2,"7":2,"8":2},"f":{"0":2},"b":{}}
,"C:\\Users\\enzo.villanueva_prag\\Desktop\\plazoleta-microservice\\src\\core\\dish\\domain\\dish.model.ts": {"path":"C:\\Users\\enzo.villanueva_prag\\Desktop\\plazoleta-microservice\\src\\core\\dish\\domain\\dish.model.ts","statementMap":{"0":{"start":{"line":13,"column":8},"end":{"line":20,"column":null}},"1":{"start":{"line":2,"column":0},"end":{"line":2,"column":21}}},"fnMap":{"0":{"name":"(anonymous_0)","decl":{"start":{"line":12,"column":4},"end":{"line":12,"column":16}},"loc":{"start":{"line":12,"column":278},"end":{"line":21,"column":5}}}},"branchMap":{},"s":{"0":1,"1":2},"f":{"0":1},"b":{}}
,"C:\\Users\\enzo.villanueva_prag\\Desktop\\plazoleta-microservice\\src\\core\\dish\\infraestructure\\cloudinary\\dish.image.cloudinary.repository.ts": {"path":"C:\\Users\\enzo.villanueva_prag\\Desktop\\plazoleta-microservice\\src\\core\\dish\\infraestructure\\cloudinary\\dish.image.cloudinary.repository.ts","statementMap":{"0":{"start":{"line":1,"column":0},"end":{"line":1,"column":56}},"1":{"start":{"line":7,"column":8},"end":{"line":13,"column":null}},"2":{"start":{"line":8,"column":29},"end":{"line":8,"column":67}},"3":{"start":{"line":9,"column":12},"end":{"line":9,"column":null}},"4":{"start":{"line":12,"column":12},"end":{"line":12,"column":null}},"5":{"start":{"line":4,"column":0},"end":{"line":4,"column":21}}},"fnMap":{"0":{"name":"(anonymous_8)","decl":{"start":{"line":6,"column":10},"end":{"line":6,"column":21}},"loc":{"start":{"line":6,"column":35},"end":{"line":14,"column":null}}}},"branchMap":{},"s":{"0":2,"1":1,"2":1,"3":1,"4":0,"5":2},"f":{"0":1},"b":{}}
,"C:\\Users\\enzo.villanueva_prag\\Desktop\\plazoleta-microservice\\src\\core\\dish\\infraestructure\\prisma\\dish.prisma.repository.ts": {"path":"C:\\Users\\enzo.villanueva_prag\\Desktop\\plazoleta-microservice\\src\\core\\dish\\infraestructure\\prisma\\dish.prisma.repository.ts","statementMap":{"0":{"start":{"line":1,"column":0},"end":{"line":1,"column":62}},"1":{"start":{"line":8,"column":8},"end":{"line":26,"column":null}},"2":{"start":{"line":9,"column":30},"end":{"line":20,"column":14}},"3":{"start":{"line":22,"column":12},"end":{"line":22,"column":null}},"4":{"start":{"line":25,"column":12},"end":{"line":25,"column":null}},"5":{"start":{"line":30,"column":8},"end":{"line":45,"column":null}},"6":{"start":{"line":31,"column":32},"end":{"line":39,"column":14}},"7":{"start":{"line":41,"column":12},"end":{"line":41,"column":null}},"8":{"start":{"line":44,"column":12},"end":{"line":44,"column":null}},"9":{"start":{"line":49,"column":8},"end":{"line":60,"column":null}},"10":{"start":{"line":50,"column":30},"end":{"line":54,"column":14}},"11":{"start":{"line":56,"column":12},"end":{"line":56,"column":null}},"12":{"start":{"line":59,"column":12},"end":{"line":59,"column":null}},"13":{"start":{"line":64,"column":8},"end":{"line":78,"column":null}},"14":{"start":{"line":65,"column":31},"end":{"line":72,"column":14}},"15":{"start":{"line":74,"column":12},"end":{"line":74,"column":null}},"16":{"start":{"line":77,"column":12},"end":{"line":77,"column":61}},"17":{"start":{"line":82,"column":8},"end":{"line":93,"column":null}},"18":{"start":{"line":83,"column":30},"end":{"line":87,"column":14}},"19":{"start":{"line":89,"column":12},"end":{"line":89,"column":null}},"20":{"start":{"line":92,"column":12},"end":{"line":92,"column":null}},"21":{"start":{"line":5,"column":0},"end":{"line":5,"column":21}}},"fnMap":{"0":{"name":"(anonymous_8)","decl":{"start":{"line":7,"column":10},"end":{"line":7,"column":20}},"loc":{"start":{"line":7,"column":32},"end":{"line":27,"column":null}}},"1":{"name":"(anonymous_10)","decl":{"start":{"line":29,"column":10},"end":{"line":29,"column":24}},"loc":{"start":{"line":29,"column":84},"end":{"line":46,"column":null}}},"2":{"name":"(anonymous_12)","decl":{"start":{"line":48,"column":10},"end":{"line":48,"column":21}},"loc":{"start":{"line":48,"column":37},"end":{"line":61,"column":null}}},"3":{"name":"(anonymous_14)","decl":{"start":{"line":63,"column":10},"end":{"line":63,"column":29}},"loc":{"start":{"line":63,"column":66},"end":{"line":79,"column":null}}},"4":{"name":"(anonymous_16)","decl":{"start":{"line":81,"column":10},"end":{"line":81,"column":34}},"loc":{"start":{"line":81,"column":56},"end":{"line":94,"column":null}}}},"branchMap":{},"s":{"0":2,"1":1,"2":1,"3":1,"4":0,"5":1,"6":1,"7":1,"8":0,"9":5,"10":5,"11":5,"12":0,"13":1,"14":1,"15":1,"16":0,"17":0,"18":0,"19":0,"20":0,"21":2},"f":{"0":1,"1":1,"2":5,"3":1,"4":0},"b":{}}
,"C:\\Users\\enzo.villanueva_prag\\Desktop\\plazoleta-microservice\\src\\core\\dish\\infraestructure\\uuid\\dish.uuid.repository.ts": {"path":"C:\\Users\\enzo.villanueva_prag\\Desktop\\plazoleta-microservice\\src\\core\\dish\\infraestructure\\uuid\\dish.uuid.repository.ts","statementMap":{"0":{"start":{"line":1,"column":0},"end":{"line":1,"column":33}},"1":{"start":{"line":7,"column":8},"end":{"line":12,"column":null}},"2":{"start":{"line":8,"column":12},"end":{"line":8,"column":null}},"3":{"start":{"line":11,"column":12},"end":{"line":11,"column":null}},"4":{"start":{"line":4,"column":0},"end":{"line":4,"column":21}}},"fnMap":{"0":{"name":"(anonymous_0)","decl":{"start":{"line":6,"column":4},"end":{"line":6,"column":18}},"loc":{"start":{"line":6,"column":18},"end":{"line":13,"column":5}}}},"branchMap":{},"s":{"0":2,"1":1,"2":1,"3":0,"4":2},"f":{"0":1},"b":{}}
,"C:\\Users\\enzo.villanueva_prag\\Desktop\\plazoleta-microservice\\src\\core\\order\\application\\insert.order.ts": {"path":"C:\\Users\\enzo.villanueva_prag\\Desktop\\plazoleta-microservice\\src\\core\\order\\application\\insert.order.ts","statementMap":{"0":{"start":{"line":3,"column":0},"end":{"line":3,"column":41}},"1":{"start":{"line":8,"column":0},"end":{"line":8,"column":68}},"2":{"start":{"line":18,"column":8},"end":{"line":22,"column":null}},"3":{"start":{"line":26,"column":8},"end":{"line":83,"column":null}},"4":{"start":{"line":28,"column":32},"end":{"line":28,"column":98}},"5":{"start":{"line":29,"column":12},"end":{"line":31,"column":null}},"6":{"start":{"line":30,"column":16},"end":{"line":30,"column":null}},"7":{"start":{"line":32,"column":12},"end":{"line":36,"column":null}},"8":{"start":{"line":33,"column":16},"end":{"line":33,"column":null}},"9":{"start":{"line":33,"column":53},"end":{"line":33,"column":110}},"10":{"start":{"line":34,"column":16},"end":{"line":34,"column":null}},"11":{"start":{"line":34,"column":60},"end":{"line":34,"column":124}},"12":{"start":{"line":35,"column":16},"end":{"line":35,"column":null}},"13":{"start":{"line":35,"column":50},"end":{"line":35,"column":105}},"14":{"start":{"line":39,"column":12},"end":{"line":49,"column":null}},"15":{"start":{"line":40,"column":42},"end":{"line":48,"column":18}},"16":{"start":{"line":41,"column":38},"end":{"line":41,"column":99}},"17":{"start":{"line":42,"column":20},"end":{"line":44,"column":null}},"18":{"start":{"line":43,"column":24},"end":{"line":43,"column":null}},"19":{"start":{"line":45,"column":20},"end":{"line":47,"column":null}},"20":{"start":{"line":46,"column":24},"end":{"line":46,"column":null}},"21":{"start":{"line":52,"column":28},"end":{"line":52,"column":76}},"22":{"start":{"line":53,"column":29},"end":{"line":58,"column":14}},"23":{"start":{"line":59,"column":31},"end":{"line":59,"column":90}},"24":{"start":{"line":62,"column":43},"end":{"line":62,"column":45}},"25":{"start":{"line":63,"column":12},"end":{"line":74,"column":null}},"26":{"start":{"line":64,"column":42},"end":{"line":73,"column":18}},"27":{"start":{"line":65,"column":42},"end":{"line":65,"column":109}},"28":{"start":{"line":66,"column":40},"end":{"line":71,"column":23}},"29":{"start":{"line":72,"column":20},"end":{"line":72,"column":null}},"30":{"start":{"line":76,"column":12},"end":{"line":79,"column":null}},"31":{"start":{"line":82,"column":12},"end":{"line":82,"column":null}},"32":{"start":{"line":10,"column":0},"end":{"line":10,"column":21}}},"fnMap":{"0":{"name":"(anonymous_8)","decl":{"start":{"line":17,"column":4},"end":{"line":17,"column":16}},"loc":{"start":{"line":17,"column":314},"end":{"line":23,"column":5}}},"1":{"name":"(anonymous_9)","decl":{"start":{"line":25,"column":10},"end":{"line":25,"column":16}},"loc":{"start":{"line":25,"column":101},"end":{"line":84,"column":null}}},"2":{"name":"(anonymous_11)","decl":{"start":{"line":32,"column":28},"end":{"line":32,"column":29}},"loc":{"start":{"line":32,"column":38},"end":{"line":36,"column":13}}},"3":{"name":"(anonymous_12)","decl":{"start":{"line":40,"column":27},"end":{"line":40,"column":34}},"loc":{"start":{"line":40,"column":42},"end":{"line":48,"column":18}}},"4":{"name":"(anonymous_13)","decl":{"start":{"line":40,"column":42},"end":{"line":40,"column":null}},"loc":{"start":{"line":40,"column":42},"end":{"line":48,"column":17}}},"5":{"name":"(anonymous_14)","decl":{"start":{"line":64,"column":27},"end":{"line":64,"column":34}},"loc":{"start":{"line":64,"column":42},"end":{"line":73,"column":18}}},"6":{"name":"(anonymous_15)","decl":{"start":{"line":64,"column":42},"end":{"line":64,"column":null}},"loc":{"start":{"line":64,"column":42},"end":{"line":73,"column":17}}}},"branchMap":{"0":{"loc":{"start":{"line":29,"column":12},"end":{"line":31,"column":null}},"type":"if","locations":[{"start":{"line":29,"column":12},"end":{"line":31,"column":null}}]},"1":{"loc":{"start":{"line":33,"column":16},"end":{"line":33,"column":null}},"type":"if","locations":[{"start":{"line":33,"column":16},"end":{"line":33,"column":null}}]},"2":{"loc":{"start":{"line":34,"column":16},"end":{"line":34,"column":null}},"type":"if","locations":[{"start":{"line":34,"column":16},"end":{"line":34,"column":null}}]},"3":{"loc":{"start":{"line":35,"column":16},"end":{"line":35,"column":null}},"type":"if","locations":[{"start":{"line":35,"column":16},"end":{"line":35,"column":null}}]},"4":{"loc":{"start":{"line":42,"column":20},"end":{"line":44,"column":null}},"type":"if","locations":[{"start":{"line":42,"column":20},"end":{"line":44,"column":null}}]},"5":{"loc":{"start":{"line":45,"column":20},"end":{"line":47,"column":null}},"type":"if","locations":[{"start":{"line":45,"column":20},"end":{"line":47,"column":null}}]}},"s":{"0":2,"1":2,"2":2,"3":0,"4":0,"5":0,"6":0,"7":0,"8":0,"9":0,"10":0,"11":0,"12":0,"13":0,"14":0,"15":0,"16":0,"17":0,"18":0,"19":0,"20":0,"21":0,"22":0,"23":0,"24":0,"25":0,"26":0,"27":0,"28":0,"29":0,"30":0,"31":0,"32":2},"f":{"0":2,"1":0,"2":0,"3":0,"4":0,"5":0,"6":0},"b":{"0":[0],"1":[0],"2":[0],"3":[0],"4":[0],"5":[0]}}
,"C:\\Users\\enzo.villanueva_prag\\Desktop\\plazoleta-microservice\\src\\core\\order\\application\\list.orders.by.state.ts": {"path":"C:\\Users\\enzo.villanueva_prag\\Desktop\\plazoleta-microservice\\src\\core\\order\\application\\list.orders.by.state.ts","statementMap":{"0":{"start":{"line":9,"column":8},"end":{"line":10,"column":null}},"1":{"start":{"line":14,"column":8},"end":{"line":33,"column":null}},"2":{"start":{"line":15,"column":44},"end":{"line":15,"column":128}},"3":{"start":{"line":16,"column":12},"end":{"line":18,"column":null}},"4":{"start":{"line":17,"column":16},"end":{"line":17,"column":null}},"5":{"start":{"line":20,"column":30},"end":{"line":20,"column":138}},"6":{"start":{"line":21,"column":12},"end":{"line":23,"column":null}},"7":{"start":{"line":22,"column":16},"end":{"line":22,"column":null}},"8":{"start":{"line":25,"column":31},"end":{"line":25,"column":47}},"9":{"start":{"line":26,"column":29},"end":{"line":26,"column":41}},"10":{"start":{"line":28,"column":36},"end":{"line":28,"column":79}},"11":{"start":{"line":29,"column":12},"end":{"line":29,"column":null}},"12":{"start":{"line":32,"column":12},"end":{"line":32,"column":null}},"13":{"start":{"line":4,"column":0},"end":{"line":4,"column":21}}},"fnMap":{"0":{"name":"(anonymous_7)","decl":{"start":{"line":8,"column":4},"end":{"line":8,"column":16}},"loc":{"start":{"line":8,"column":152},"end":{"line":11,"column":5}}},"1":{"name":"(anonymous_8)","decl":{"start":{"line":13,"column":10},"end":{"line":13,"column":20}},"loc":{"start":{"line":13,"column":85},"end":{"line":34,"column":null}}}},"branchMap":{"0":{"loc":{"start":{"line":16,"column":12},"end":{"line":18,"column":null}},"type":"if","locations":[{"start":{"line":16,"column":12},"end":{"line":18,"column":null}}]},"1":{"loc":{"start":{"line":21,"column":12},"end":{"line":23,"column":null}},"type":"if","locations":[{"start":{"line":21,"column":12},"end":{"line":23,"column":null}}]}},"s":{"0":2,"1":0,"2":0,"3":0,"4":0,"5":0,"6":0,"7":0,"8":0,"9":0,"10":0,"11":0,"12":0,"13":2},"f":{"0":2,"1":0},"b":{"0":[0],"1":[0]}}
,"C:\\Users\\enzo.villanueva_prag\\Desktop\\plazoleta-microservice\\src\\core\\order\\application\\update.order.by.order.id.ts": {"path":"C:\\Users\\enzo.villanueva_prag\\Desktop\\plazoleta-microservice\\src\\core\\order\\application\\update.order.by.order.id.ts","statementMap":{"0":{"start":{"line":7,"column":8},"end":{"line":7,"column":null}},"1":{"start":{"line":11,"column":8},"end":{"line":33,"column":null}},"2":{"start":{"line":12,"column":12},"end":{"line":14,"column":null}},"3":{"start":{"line":13,"column":16},"end":{"line":13,"column":null}},"4":{"start":{"line":16,"column":31},"end":{"line":16,"column":95}},"5":{"start":{"line":17,"column":12},"end":{"line":19,"column":null}},"6":{"start":{"line":18,"column":16},"end":{"line":18,"column":null}},"7":{"start":{"line":20,"column":12},"end":{"line":22,"column":null}},"8":{"start":{"line":21,"column":16},"end":{"line":21,"column":null}},"9":{"start":{"line":24,"column":33},"end":{"line":24,"column":120}},"10":{"start":{"line":25,"column":12},"end":{"line":27,"column":null}},"11":{"start":{"line":26,"column":16},"end":{"line":26,"column":null}},"12":{"start":{"line":29,"column":12},"end":{"line":29,"column":null}},"13":{"start":{"line":32,"column":12},"end":{"line":32,"column":null}},"14":{"start":{"line":3,"column":0},"end":{"line":3,"column":21}}},"fnMap":{"0":{"name":"(anonymous_7)","decl":{"start":{"line":6,"column":4},"end":{"line":6,"column":16}},"loc":{"start":{"line":6,"column":70},"end":{"line":8,"column":5}}},"1":{"name":"(anonymous_8)","decl":{"start":{"line":10,"column":10},"end":{"line":10,"column":21}},"loc":{"start":{"line":10,"column":74},"end":{"line":34,"column":null}}}},"branchMap":{"0":{"loc":{"start":{"line":12,"column":12},"end":{"line":14,"column":null}},"type":"if","locations":[{"start":{"line":12,"column":12},"end":{"line":14,"column":null}}]},"1":{"loc":{"start":{"line":17,"column":12},"end":{"line":19,"column":null}},"type":"if","locations":[{"start":{"line":17,"column":12},"end":{"line":19,"column":null}}]},"2":{"loc":{"start":{"line":20,"column":12},"end":{"line":22,"column":null}},"type":"if","locations":[{"start":{"line":20,"column":12},"end":{"line":22,"column":null}}]},"3":{"loc":{"start":{"line":25,"column":12},"end":{"line":27,"column":null}},"type":"if","locations":[{"start":{"line":25,"column":12},"end":{"line":27,"column":null}}]}},"s":{"0":2,"1":0,"2":0,"3":0,"4":0,"5":0,"6":0,"7":0,"8":0,"9":0,"10":0,"11":0,"12":0,"13":0,"14":2},"f":{"0":2,"1":0},"b":{"0":[0],"1":[0],"2":[0],"3":[0]}}
,"C:\\Users\\enzo.villanueva_prag\\Desktop\\plazoleta-microservice\\src\\core\\order\\domain\\order.model.ts": {"path":"C:\\Users\\enzo.villanueva_prag\\Desktop\\plazoleta-microservice\\src\\core\\order\\domain\\order.model.ts","statementMap":{"0":{"start":{"line":9,"column":8},"end":{"line":11,"column":null}},"1":{"start":{"line":12,"column":8},"end":{"line":12,"column":null}},"2":{"start":{"line":2,"column":0},"end":{"line":2,"column":21}}},"fnMap":{"0":{"name":"(anonymous_0)","decl":{"start":{"line":8,"column":4},"end":{"line":8,"column":16}},"loc":{"start":{"line":8,"column":139},"end":{"line":13,"column":5}}}},"branchMap":{},"s":{"0":0,"1":0,"2":2},"f":{"0":0},"b":{}}
,"C:\\Users\\enzo.villanueva_prag\\Desktop\\plazoleta-microservice\\src\\core\\order\\infraestructure\\prisma\\order.prisma.repository.ts": {"path":"C:\\Users\\enzo.villanueva_prag\\Desktop\\plazoleta-microservice\\src\\core\\order\\infraestructure\\prisma\\order.prisma.repository.ts","statementMap":{"0":{"start":{"line":1,"column":0},"end":{"line":1,"column":62}},"1":{"start":{"line":8,"column":8},"end":{"line":22,"column":null}},"2":{"start":{"line":9,"column":31},"end":{"line":16,"column":14}},"3":{"start":{"line":18,"column":12},"end":{"line":18,"column":null}},"4":{"start":{"line":21,"column":12},"end":{"line":21,"column":null}},"5":{"start":{"line":26,"column":8},"end":{"line":37,"column":null}},"6":{"start":{"line":27,"column":31},"end":{"line":31,"column":14}},"7":{"start":{"line":33,"column":12},"end":{"line":33,"column":null}},"8":{"start":{"line":36,"column":12},"end":{"line":36,"column":null}},"9":{"start":{"line":41,"column":8},"end":{"line":56,"column":null}},"10":{"start":{"line":42,"column":32},"end":{"line":50,"column":14}},"11":{"start":{"line":52,"column":12},"end":{"line":52,"column":null}},"12":{"start":{"line":55,"column":12},"end":{"line":55,"column":null}},"13":{"start":{"line":60,"column":8},"end":{"line":75,"column":null}},"14":{"start":{"line":61,"column":33},"end":{"line":69,"column":14}},"15":{"start":{"line":71,"column":12},"end":{"line":71,"column":null}},"16":{"start":{"line":74,"column":12},"end":{"line":74,"column":null}},"17":{"start":{"line":79,"column":8},"end":{"line":90,"column":null}},"18":{"start":{"line":80,"column":31},"end":{"line":84,"column":14}},"19":{"start":{"line":86,"column":12},"end":{"line":86,"column":null}},"20":{"start":{"line":89,"column":12},"end":{"line":89,"column":null}},"21":{"start":{"line":5,"column":0},"end":{"line":5,"column":21}}},"fnMap":{"0":{"name":"(anonymous_8)","decl":{"start":{"line":7,"column":10},"end":{"line":7,"column":21}},"loc":{"start":{"line":7,"column":35},"end":{"line":23,"column":null}}},"1":{"name":"(anonymous_10)","decl":{"start":{"line":25,"column":10},"end":{"line":25,"column":28}},"loc":{"start":{"line":25,"column":46},"end":{"line":38,"column":null}}},"2":{"name":"(anonymous_12)","decl":{"start":{"line":40,"column":10},"end":{"line":40,"column":30}},"loc":{"start":{"line":40,"column":72},"end":{"line":57,"column":null}}},"3":{"name":"(anonymous_14)","decl":{"start":{"line":59,"column":10},"end":{"line":59,"column":30}},"loc":{"start":{"line":59,"column":83},"end":{"line":76,"column":null}}},"4":{"name":"(anonymous_16)","decl":{"start":{"line":78,"column":10},"end":{"line":78,"column":27}},"loc":{"start":{"line":78,"column":44},"end":{"line":91,"column":null}}}},"branchMap":{},"s":{"0":2,"1":0,"2":0,"3":0,"4":0,"5":0,"6":0,"7":0,"8":0,"9":0,"10":0,"11":0,"12":0,"13":0,"14":0,"15":0,"16":0,"17":0,"18":0,"19":0,"20":0,"21":2},"f":{"0":0,"1":0,"2":0,"3":0,"4":0},"b":{}}
,"C:\\Users\\enzo.villanueva_prag\\Desktop\\plazoleta-microservice\\src\\core\\order\\infraestructure\\uuid\\order.uuid.repository.ts": {"path":"C:\\Users\\enzo.villanueva_prag\\Desktop\\plazoleta-microservice\\src\\core\\order\\infraestructure\\uuid\\order.uuid.repository.ts","statementMap":{"0":{"start":{"line":1,"column":0},"end":{"line":1,"column":33}},"1":{"start":{"line":7,"column":8},"end":{"line":12,"column":null}},"2":{"start":{"line":8,"column":12},"end":{"line":8,"column":null}},"3":{"start":{"line":11,"column":12},"end":{"line":11,"column":null}},"4":{"start":{"line":4,"column":0},"end":{"line":4,"column":21}}},"fnMap":{"0":{"name":"(anonymous_0)","decl":{"start":{"line":6,"column":4},"end":{"line":6,"column":19}},"loc":{"start":{"line":6,"column":19},"end":{"line":13,"column":5}}}},"branchMap":{},"s":{"0":2,"1":0,"2":0,"3":0,"4":2},"f":{"0":0},"b":{}}
,"C:\\Users\\enzo.villanueva_prag\\Desktop\\plazoleta-microservice\\src\\core\\orderdishes\\domain\\orderdishes.model.ts": {"path":"C:\\Users\\enzo.villanueva_prag\\Desktop\\plazoleta-microservice\\src\\core\\orderdishes\\domain\\orderdishes.model.ts","statementMap":{"0":{"start":{"line":9,"column":8},"end":{"line":12,"column":null}},"1":{"start":{"line":2,"column":0},"end":{"line":2,"column":21}}},"fnMap":{"0":{"name":"(anonymous_0)","decl":{"start":{"line":8,"column":4},"end":{"line":8,"column":16}},"loc":{"start":{"line":8,"column":133},"end":{"line":13,"column":5}}}},"branchMap":{},"s":{"0":0,"1":2},"f":{"0":0},"b":{}}
,"C:\\Users\\enzo.villanueva_prag\\Desktop\\plazoleta-microservice\\src\\core\\orderdishes\\infraestructure\\prisma\\orderdishes.prisma.repository.ts": {"path":"C:\\Users\\enzo.villanueva_prag\\Desktop\\plazoleta-microservice\\src\\core\\orderdishes\\infraestructure\\prisma\\orderdishes.prisma.repository.ts","statementMap":{"0":{"start":{"line":1,"column":0},"end":{"line":1,"column":62}},"1":{"start":{"line":8,"column":8},"end":{"line":22,"column":null}},"2":{"start":{"line":9,"column":37},"end":{"line":16,"column":14}},"3":{"start":{"line":18,"column":12},"end":{"line":18,"column":null}},"4":{"start":{"line":21,"column":12},"end":{"line":21,"column":null}},"5":{"start":{"line":5,"column":0},"end":{"line":5,"column":21}}},"fnMap":{"0":{"name":"(anonymous_8)","decl":{"start":{"line":7,"column":10},"end":{"line":7,"column":27}},"loc":{"start":{"line":7,"column":53},"end":{"line":23,"column":null}}}},"branchMap":{},"s":{"0":2,"1":0,"2":0,"3":0,"4":0,"5":2},"f":{"0":0},"b":{}}
,"C:\\Users\\enzo.villanueva_prag\\Desktop\\plazoleta-microservice\\src\\core\\orderdishes\\infraestructure\\uuid\\orderdishes.uuid.repository.ts": {"path":"C:\\Users\\enzo.villanueva_prag\\Desktop\\plazoleta-microservice\\src\\core\\orderdishes\\infraestructure\\uuid\\orderdishes.uuid.repository.ts","statementMap":{"0":{"start":{"line":1,"column":0},"end":{"line":1,"column":33}},"1":{"start":{"line":6,"column":8},"end":{"line":11,"column":null}},"2":{"start":{"line":7,"column":12},"end":{"line":7,"column":null}},"3":{"start":{"line":10,"column":12},"end":{"line":10,"column":null}},"4":{"start":{"line":3,"column":0},"end":{"line":3,"column":21}}},"fnMap":{"0":{"name":"(anonymous_0)","decl":{"start":{"line":5,"column":4},"end":{"line":5,"column":25}},"loc":{"start":{"line":5,"column":25},"end":{"line":12,"column":5}}}},"branchMap":{},"s":{"0":2,"1":0,"2":0,"3":0,"4":2},"f":{"0":0},"b":{}}
,"C:\\Users\\enzo.villanueva_prag\\Desktop\\plazoleta-microservice\\src\\core\\restaurant\\application\\get.restaurant.by.restaurant.id.ts": {"path":"C:\\Users\\enzo.villanueva_prag\\Desktop\\plazoleta-microservice\\src\\core\\restaurant\\application\\get.restaurant.by.restaurant.id.ts","statementMap":{"0":{"start":{"line":7,"column":8},"end":{"line":7,"column":null}},"1":{"start":{"line":11,"column":8},"end":{"line":22,"column":null}},"2":{"start":{"line":12,"column":36},"end":{"line":12,"column":110}},"3":{"start":{"line":14,"column":12},"end":{"line":16,"column":null}},"4":{"start":{"line":15,"column":16},"end":{"line":15,"column":null}},"5":{"start":{"line":18,"column":12},"end":{"line":18,"column":null}},"6":{"start":{"line":21,"column":12},"end":{"line":21,"column":null}},"7":{"start":{"line":3,"column":0},"end":{"line":3,"column":21}}},"fnMap":{"0":{"name":"(anonymous_7)","decl":{"start":{"line":6,"column":4},"end":{"line":6,"column":16}},"loc":{"start":{"line":6,"column":80},"end":{"line":8,"column":5}}},"1":{"name":"(anonymous_8)","decl":{"start":{"line":10,"column":10},"end":{"line":10,"column":27}},"loc":{"start":{"line":10,"column":49},"end":{"line":23,"column":null}}}},"branchMap":{"0":{"loc":{"start":{"line":14,"column":12},"end":{"line":16,"column":null}},"type":"if","locations":[{"start":{"line":14,"column":12},"end":{"line":16,"column":null}}]}},"s":{"0":4,"1":7,"2":7,"3":7,"4":0,"5":7,"6":0,"7":2},"f":{"0":4,"1":7},"b":{"0":[0]}}
,"C:\\Users\\enzo.villanueva_prag\\Desktop\\plazoleta-microservice\\src\\core\\restaurant\\application\\insert.restaurant.ts": {"path":"C:\\Users\\enzo.villanueva_prag\\Desktop\\plazoleta-microservice\\src\\core\\restaurant\\application\\insert.restaurant.ts","statementMap":{"0":{"start":{"line":1,"column":0},"end":{"line":1,"column":42}},"1":{"start":{"line":2,"column":0},"end":{"line":2,"column":52}},"2":{"start":{"line":3,"column":0},"end":{"line":3,"column":51}},"3":{"start":{"line":17,"column":8},"end":{"line":20,"column":null}},"4":{"start":{"line":24,"column":8},"end":{"line":60,"column":null}},"5":{"start":{"line":25,"column":40},"end":{"line":32,"column":15}},"6":{"start":{"line":33,"column":12},"end":{"line":36,"column":null}},"7":{"start":{"line":34,"column":38},"end":{"line":34,"column":137}},"8":{"start":{"line":34,"column":73},"end":{"line":34,"column":129}},"9":{"start":{"line":35,"column":16},"end":{"line":35,"column":null}},"10":{"start":{"line":38,"column":29},"end":{"line":38,"column":92}},"11":{"start":{"line":39,"column":12},"end":{"line":41,"column":null}},"12":{"start":{"line":40,"column":16},"end":{"line":40,"column":null}},"13":{"start":{"line":43,"column":33},"end":{"line":43,"column":92}},"14":{"start":{"line":44,"column":44},"end":{"line":44,"column":117}},"15":{"start":{"line":46,"column":34},"end":{"line":54,"column":14}},"16":{"start":{"line":55,"column":39},"end":{"line":55,"column":113}},"17":{"start":{"line":56,"column":12},"end":{"line":56,"column":null}},"18":{"start":{"line":59,"column":12},"end":{"line":59,"column":null}},"19":{"start":{"line":10,"column":0},"end":{"line":10,"column":21}}},"fnMap":{"0":{"name":"(anonymous_8)","decl":{"start":{"line":16,"column":4},"end":{"line":16,"column":16}},"loc":{"start":{"line":16,"column":270},"end":{"line":21,"column":5}}},"1":{"name":"(anonymous_9)","decl":{"start":{"line":23,"column":10},"end":{"line":23,"column":26}},"loc":{"start":{"line":23,"column":175},"end":{"line":61,"column":null}}},"2":{"name":"(anonymous_11)","decl":{"start":{"line":34,"column":62},"end":{"line":34,"column":63}},"loc":{"start":{"line":34,"column":73},"end":{"line":34,"column":129}}}},"branchMap":{"0":{"loc":{"start":{"line":33,"column":12},"end":{"line":36,"column":null}},"type":"if","locations":[{"start":{"line":33,"column":12},"end":{"line":36,"column":null}}]},"1":{"loc":{"start":{"line":34,"column":73},"end":{"line":34,"column":129}},"type":"cond-expr","locations":[{"start":{"line":34,"column":93},"end":{"line":34,"column":125}},{"start":{"line":34,"column":127},"end":{"line":34,"column":129}}]},"2":{"loc":{"start":{"line":39,"column":12},"end":{"line":41,"column":null}},"type":"if","locations":[{"start":{"line":39,"column":12},"end":{"line":41,"column":null}}]}},"s":{"0":2,"1":2,"2":2,"3":2,"4":2,"5":2,"6":2,"7":0,"8":0,"9":0,"10":2,"11":2,"12":1,"13":1,"14":1,"15":1,"16":1,"17":1,"18":1,"19":2},"f":{"0":2,"1":2,"2":0},"b":{"0":[0],"1":[0,0],"2":[1]}}
,"C:\\Users\\enzo.villanueva_prag\\Desktop\\plazoleta-microservice\\src\\core\\restaurant\\application\\list.all.restaurant.ts": {"path":"C:\\Users\\enzo.villanueva_prag\\Desktop\\plazoleta-microservice\\src\\core\\restaurant\\application\\list.all.restaurant.ts","statementMap":{"0":{"start":{"line":7,"column":8},"end":{"line":7,"column":null}},"1":{"start":{"line":11,"column":8},"end":{"line":29,"column":null}},"2":{"start":{"line":12,"column":39},"end":{"line":12,"column":102}},"3":{"start":{"line":13,"column":38},"end":{"line":17,"column":19}},"4":{"start":{"line":14,"column":16},"end":{"line":17,"column":18}},"5":{"start":{"line":19,"column":39},"end":{"line":19,"column":121}},"6":{"start":{"line":19,"column":72},"end":{"line":19,"column":120}},"7":{"start":{"line":21,"column":31},"end":{"line":21,"column":47}},"8":{"start":{"line":22,"column":29},"end":{"line":22,"column":41}},"9":{"start":{"line":24,"column":35},"end":{"line":24,"column":81}},"10":{"start":{"line":25,"column":12},"end":{"line":25,"column":null}},"11":{"start":{"line":28,"column":12},"end":{"line":28,"column":null}},"12":{"start":{"line":3,"column":0},"end":{"line":3,"column":21}}},"fnMap":{"0":{"name":"(anonymous_7)","decl":{"start":{"line":6,"column":4},"end":{"line":6,"column":16}},"loc":{"start":{"line":6,"column":80},"end":{"line":8,"column":5}}},"1":{"name":"(anonymous_8)","decl":{"start":{"line":10,"column":10},"end":{"line":10,"column":25}},"loc":{"start":{"line":10,"column":54},"end":{"line":30,"column":null}}},"2":{"name":"(anonymous_10)","decl":{"start":{"line":13,"column":61},"end":{"line":13,"column":62}},"loc":{"start":{"line":13,"column":76},"end":{"line":17,"column":18}}},"3":{"name":"(anonymous_11)","decl":{"start":{"line":19,"column":62},"end":{"line":19,"column":63}},"loc":{"start":{"line":19,"column":72},"end":{"line":19,"column":120}}}},"branchMap":{},"s":{"0":2,"1":0,"2":0,"3":0,"4":0,"5":0,"6":0,"7":0,"8":0,"9":0,"10":0,"11":0,"12":2},"f":{"0":2,"1":0,"2":0,"3":0},"b":{}}
,"C:\\Users\\enzo.villanueva_prag\\Desktop\\plazoleta-microservice\\src\\core\\restaurant\\domain\\restaurant.dto.ts": {"path":"C:\\Users\\enzo.villanueva_prag\\Desktop\\plazoleta-microservice\\src\\core\\restaurant\\domain\\restaurant.dto.ts","statementMap":{"0":{"start":{"line":1,"column":0},"end":{"line":1,"column":null}},"1":{"start":{"line":41,"column":8},"end":{"line":46,"column":null}},"2":{"start":{"line":15,"column":4},"end":{"line":15,"column":null}},"3":{"start":{"line":19,"column":4},"end":{"line":19,"column":null}},"4":{"start":{"line":23,"column":4},"end":{"line":23,"column":null}},"5":{"start":{"line":29,"column":4},"end":{"line":29,"column":null}},"6":{"start":{"line":34,"column":4},"end":{"line":34,"column":null}},"7":{"start":{"line":38,"column":4},"end":{"line":38,"column":null}},"8":{"start":{"line":10,"column":0},"end":{"line":10,"column":21}}},"fnMap":{"0":{"name":"(anonymous_1)","decl":{"start":{"line":40,"column":4},"end":{"line":40,"column":16}},"loc":{"start":{"line":40,"column":267},"end":{"line":47,"column":5}}}},"branchMap":{},"s":{"0":2,"1":2,"2":2,"3":2,"4":2,"5":2,"6":2,"7":2,"8":2},"f":{"0":2},"b":{}}
,"C:\\Users\\enzo.villanueva_prag\\Desktop\\plazoleta-microservice\\src\\core\\restaurant\\domain\\restaurant.model.ts": {"path":"C:\\Users\\enzo.villanueva_prag\\Desktop\\plazoleta-microservice\\src\\core\\restaurant\\domain\\restaurant.model.ts","statementMap":{"0":{"start":{"line":12,"column":8},"end":{"line":18,"column":null}},"1":{"start":{"line":2,"column":0},"end":{"line":2,"column":21}}},"fnMap":{"0":{"name":"(anonymous_0)","decl":{"start":{"line":11,"column":4},"end":{"line":11,"column":16}},"loc":{"start":{"line":11,"column":303},"end":{"line":19,"column":5}}}},"branchMap":{},"s":{"0":1,"1":2},"f":{"0":1},"b":{}}
,"C:\\Users\\enzo.villanueva_prag\\Desktop\\plazoleta-microservice\\src\\core\\restaurant\\infraestructure\\cloudinary\\restaurant.image.cloudinary.repository.ts": {"path":"C:\\Users\\enzo.villanueva_prag\\Desktop\\plazoleta-microservice\\src\\core\\restaurant\\infraestructure\\cloudinary\\restaurant.image.cloudinary.repository.ts","statementMap":{"0":{"start":{"line":1,"column":0},"end":{"line":1,"column":56}},"1":{"start":{"line":7,"column":8},"end":{"line":13,"column":null}},"2":{"start":{"line":8,"column":29},"end":{"line":8,"column":67}},"3":{"start":{"line":9,"column":12},"end":{"line":9,"column":null}},"4":{"start":{"line":12,"column":12},"end":{"line":12,"column":null}},"5":{"start":{"line":4,"column":0},"end":{"line":4,"column":21}}},"fnMap":{"0":{"name":"(anonymous_8)","decl":{"start":{"line":6,"column":10},"end":{"line":6,"column":21}},"loc":{"start":{"line":6,"column":35},"end":{"line":14,"column":null}}}},"branchMap":{},"s":{"0":2,"1":1,"2":1,"3":1,"4":0,"5":2},"f":{"0":1},"b":{}}
,"C:\\Users\\enzo.villanueva_prag\\Desktop\\plazoleta-microservice\\src\\core\\restaurant\\infraestructure\\prisma\\restaurant.prisma.repository.ts": {"path":"C:\\Users\\enzo.villanueva_prag\\Desktop\\plazoleta-microservice\\src\\core\\restaurant\\infraestructure\\prisma\\restaurant.prisma.repository.ts","statementMap":{"0":{"start":{"line":1,"column":0},"end":{"line":1,"column":63}},"1":{"start":{"line":8,"column":8},"end":{"line":25,"column":null}},"2":{"start":{"line":9,"column":36},"end":{"line":19,"column":14}},"3":{"start":{"line":21,"column":12},"end":{"line":21,"column":null}},"4":{"start":{"line":24,"column":12},"end":{"line":24,"column":null}},"5":{"start":{"line":29,"column":8},"end":{"line":40,"column":null}},"6":{"start":{"line":30,"column":36},"end":{"line":34,"column":14}},"7":{"start":{"line":36,"column":12},"end":{"line":36,"column":null}},"8":{"start":{"line":39,"column":12},"end":{"line":39,"column":null}},"9":{"start":{"line":44,"column":8},"end":{"line":51,"column":null}},"10":{"start":{"line":45,"column":35},"end":{"line":45,"column":69}},"11":{"start":{"line":47,"column":12},"end":{"line":47,"column":null}},"12":{"start":{"line":50,"column":12},"end":{"line":50,"column":null}},"13":{"start":{"line":5,"column":0},"end":{"line":5,"column":21}}},"fnMap":{"0":{"name":"(anonymous_8)","decl":{"start":{"line":7,"column":10},"end":{"line":7,"column":26}},"loc":{"start":{"line":7,"column":50},"end":{"line":26,"column":null}}},"1":{"name":"(anonymous_10)","decl":{"start":{"line":28,"column":10},"end":{"line":28,"column":27}},"loc":{"start":{"line":28,"column":49},"end":{"line":41,"column":null}}},"2":{"name":"(anonymous_12)","decl":{"start":{"line":43,"column":10},"end":{"line":43,"column":28}},"loc":{"start":{"line":43,"column":28},"end":{"line":52,"column":null}}}},"branchMap":{},"s":{"0":2,"1":1,"2":1,"3":1,"4":0,"5":7,"6":7,"7":7,"8":0,"9":0,"10":0,"11":0,"12":0,"13":2},"f":{"0":1,"1":7,"2":0},"b":{}}
,"C:\\Users\\enzo.villanueva_prag\\Desktop\\plazoleta-microservice\\src\\core\\restaurant\\infraestructure\\services\\user.service.repository.ts": {"path":"C:\\Users\\enzo.villanueva_prag\\Desktop\\plazoleta-microservice\\src\\core\\restaurant\\infraestructure\\services\\user.service.repository.ts","statementMap":{"0":{"start":{"line":1,"column":0},"end":{"line":1,"column":25}},"1":{"start":{"line":4,"column":19},"end":{"line":4,"column":39}},"2":{"start":{"line":9,"column":8},"end":{"line":18,"column":null}},"3":{"start":{"line":10,"column":29},"end":{"line":10,"column":84}},"4":{"start":{"line":12,"column":44},"end":{"line":12,"column":57}},"5":{"start":{"line":14,"column":12},"end":{"line":14,"column":null}},"6":{"start":{"line":17,"column":12},"end":{"line":17,"column":null}},"7":{"start":{"line":6,"column":0},"end":{"line":6,"column":21}}},"fnMap":{"0":{"name":"(anonymous_8)","decl":{"start":{"line":8,"column":10},"end":{"line":8,"column":25}},"loc":{"start":{"line":8,"column":41},"end":{"line":19,"column":null}}}},"branchMap":{},"s":{"0":2,"1":2,"2":2,"3":2,"4":2,"5":2,"6":0,"7":2},"f":{"0":2},"b":{}}
,"C:\\Users\\enzo.villanueva_prag\\Desktop\\plazoleta-microservice\\src\\core\\restaurant\\infraestructure\\uuid\\restaurant.uuid.repository.ts": {"path":"C:\\Users\\enzo.villanueva_prag\\Desktop\\plazoleta-microservice\\src\\core\\restaurant\\infraestructure\\uuid\\restaurant.uuid.repository.ts","statementMap":{"0":{"start":{"line":2,"column":0},"end":{"line":2,"column":33}},"1":{"start":{"line":7,"column":8},"end":{"line":12,"column":null}},"2":{"start":{"line":8,"column":12},"end":{"line":8,"column":null}},"3":{"start":{"line":11,"column":12},"end":{"line":11,"column":null}},"4":{"start":{"line":4,"column":0},"end":{"line":4,"column":21}}},"fnMap":{"0":{"name":"(anonymous_0)","decl":{"start":{"line":6,"column":4},"end":{"line":6,"column":24}},"loc":{"start":{"line":6,"column":24},"end":{"line":13,"column":5}}}},"branchMap":{},"s":{"0":2,"1":1,"2":1,"3":0,"4":2},"f":{"0":1},"b":{}}
,"C:\\Users\\enzo.villanueva_prag\\Desktop\\plazoleta-microservice\\src\\core\\restaurantemployee\\application\\get.restaurant.employee.by.employee.id.ts": {"path":"C:\\Users\\enzo.villanueva_prag\\Desktop\\plazoleta-microservice\\src\\core\\restaurantemployee\\application\\get.restaurant.employee.by.employee.id.ts","statementMap":{"0":{"start":{"line":7,"column":8},"end":{"line":7,"column":null}},"1":{"start":{"line":11,"column":8},"end":{"line":22,"column":null}},"2":{"start":{"line":12,"column":44},"end":{"line":12,"column":128}},"3":{"start":{"line":14,"column":12},"end":{"line":16,"column":null}},"4":{"start":{"line":15,"column":16},"end":{"line":15,"column":null}},"5":{"start":{"line":18,"column":12},"end":{"line":18,"column":null}},"6":{"start":{"line":21,"column":12},"end":{"line":21,"column":null}},"7":{"start":{"line":3,"column":0},"end":{"line":3,"column":21}}},"fnMap":{"0":{"name":"(anonymous_7)","decl":{"start":{"line":6,"column":4},"end":{"line":6,"column":16}},"loc":{"start":{"line":6,"column":96},"end":{"line":8,"column":5}}},"1":{"name":"(anonymous_8)","decl":{"start":{"line":10,"column":10},"end":{"line":10,"column":31}},"loc":{"start":{"line":10,"column":47},"end":{"line":23,"column":null}}}},"branchMap":{"0":{"loc":{"start":{"line":14,"column":12},"end":{"line":16,"column":null}},"type":"if","locations":[{"start":{"line":14,"column":12},"end":{"line":16,"column":null}}]}},"s":{"0":2,"1":0,"2":0,"3":0,"4":0,"5":0,"6":0,"7":2},"f":{"0":2,"1":0},"b":{"0":[0]}}
,"C:\\Users\\enzo.villanueva_prag\\Desktop\\plazoleta-microservice\\src\\core\\restaurantemployee\\application\\insert.employee.to.restaurant.ts": {"path":"C:\\Users\\enzo.villanueva_prag\\Desktop\\plazoleta-microservice\\src\\core\\restaurantemployee\\application\\insert.employee.to.restaurant.ts","statementMap":{"0":{"start":{"line":2,"column":0},"end":{"line":2,"column":68}},"1":{"start":{"line":10,"column":8},"end":{"line":11,"column":null}},"2":{"start":{"line":15,"column":8},"end":{"line":33,"column":null}},"3":{"start":{"line":16,"column":44},"end":{"line":16,"column":128}},"4":{"start":{"line":17,"column":12},"end":{"line":19,"column":null}},"5":{"start":{"line":18,"column":16},"end":{"line":18,"column":null}},"6":{"start":{"line":21,"column":41},"end":{"line":21,"column":116}},"7":{"start":{"line":22,"column":42},"end":{"line":26,"column":14}},"8":{"start":{"line":27,"column":44},"end":{"line":27,"column":144}},"9":{"start":{"line":29,"column":12},"end":{"line":29,"column":null}},"10":{"start":{"line":32,"column":12},"end":{"line":32,"column":null}},"11":{"start":{"line":5,"column":0},"end":{"line":5,"column":21}}},"fnMap":{"0":{"name":"(anonymous_8)","decl":{"start":{"line":9,"column":4},"end":{"line":9,"column":16}},"loc":{"start":{"line":9,"column":177},"end":{"line":12,"column":5}}},"1":{"name":"(anonymous_9)","decl":{"start":{"line":14,"column":10},"end":{"line":14,"column":36}},"loc":{"start":{"line":14,"column":74},"end":{"line":34,"column":null}}}},"branchMap":{"0":{"loc":{"start":{"line":17,"column":12},"end":{"line":19,"column":null}},"type":"if","locations":[{"start":{"line":17,"column":12},"end":{"line":19,"column":null}}]}},"s":{"0":2,"1":2,"2":0,"3":0,"4":0,"5":0,"6":0,"7":0,"8":0,"9":0,"10":0,"11":2},"f":{"0":2,"1":0},"b":{"0":[0]}}
,"C:\\Users\\enzo.villanueva_prag\\Desktop\\plazoleta-microservice\\src\\core\\restaurantemployee\\domain\\restaurant.employee.model.ts": {"path":"C:\\Users\\enzo.villanueva_prag\\Desktop\\plazoleta-microservice\\src\\core\\restaurantemployee\\domain\\restaurant.employee.model.ts","statementMap":{"0":{"start":{"line":8,"column":8},"end":{"line":10,"column":null}},"1":{"start":{"line":2,"column":0},"end":{"line":2,"column":21}}},"fnMap":{"0":{"name":"(anonymous_0)","decl":{"start":{"line":7,"column":4},"end":{"line":7,"column":16}},"loc":{"start":{"line":7,"column":129},"end":{"line":11,"column":5}}}},"branchMap":{},"s":{"0":0,"1":2},"f":{"0":0},"b":{}}
,"C:\\Users\\enzo.villanueva_prag\\Desktop\\plazoleta-microservice\\src\\core\\restaurantemployee\\infraestructure\\prisma\\restaurant.employee.prisma.repository.ts": {"path":"C:\\Users\\enzo.villanueva_prag\\Desktop\\plazoleta-microservice\\src\\core\\restaurantemployee\\infraestructure\\prisma\\restaurant.employee.prisma.repository.ts","statementMap":{"0":{"start":{"line":1,"column":0},"end":{"line":1,"column":62}},"1":{"start":{"line":8,"column":8},"end":{"line":21,"column":null}},"2":{"start":{"line":9,"column":44},"end":{"line":15,"column":14}},"3":{"start":{"line":17,"column":12},"end":{"line":17,"column":null}},"4":{"start":{"line":20,"column":12},"end":{"line":20,"column":null}},"5":{"start":{"line":25,"column":8},"end":{"line":36,"column":null}},"6":{"start":{"line":26,"column":44},"end":{"line":30,"column":14}},"7":{"start":{"line":32,"column":12},"end":{"line":32,"column":null}},"8":{"start":{"line":35,"column":12},"end":{"line":35,"column":null}},"9":{"start":{"line":5,"column":0},"end":{"line":5,"column":21}}},"fnMap":{"0":{"name":"(anonymous_8)","decl":{"start":{"line":7,"column":10},"end":{"line":7,"column":36}},"loc":{"start":{"line":7,"column":76},"end":{"line":22,"column":null}}},"1":{"name":"(anonymous_10)","decl":{"start":{"line":24,"column":10},"end":{"line":24,"column":35}},"loc":{"start":{"line":24,"column":51},"end":{"line":37,"column":null}}}},"branchMap":{},"s":{"0":2,"1":0,"2":0,"3":0,"4":0,"5":0,"6":0,"7":0,"8":0,"9":2},"f":{"0":0,"1":0},"b":{}}
,"C:\\Users\\enzo.villanueva_prag\\Desktop\\plazoleta-microservice\\src\\core\\restaurantemployee\\infraestructure\\uuid\\restaurant.employee.uuid.repository.ts.ts": {"path":"C:\\Users\\enzo.villanueva_prag\\Desktop\\plazoleta-microservice\\src\\core\\restaurantemployee\\infraestructure\\uuid\\restaurant.employee.uuid.repository.ts.ts","statementMap":{"0":{"start":{"line":1,"column":0},"end":{"line":1,"column":33}},"1":{"start":{"line":7,"column":8},"end":{"line":12,"column":null}},"2":{"start":{"line":8,"column":12},"end":{"line":8,"column":null}},"3":{"start":{"line":11,"column":12},"end":{"line":11,"column":null}},"4":{"start":{"line":4,"column":0},"end":{"line":4,"column":21}}},"fnMap":{"0":{"name":"(anonymous_0)","decl":{"start":{"line":6,"column":4},"end":{"line":6,"column":32}},"loc":{"start":{"line":6,"column":32},"end":{"line":13,"column":5}}}},"branchMap":{},"s":{"0":2,"1":0,"2":0,"3":0,"4":2},"f":{"0":0},"b":{}}
,"C:\\Users\\enzo.villanueva_prag\\Desktop\\plazoleta-microservice\\src\\docs\\dish.docs.ts": {"path":"C:\\Users\\enzo.villanueva_prag\\Desktop\\plazoleta-microservice\\src\\docs\\dish.docs.ts","statementMap":{"0":{"start":{"line":2,"column":15},"end":{"line":11,"column":null}},"1":{"start":{"line":13,"column":21},"end":{"line":22,"column":null}},"2":{"start":{"line":24,"column":21},"end":{"line":33,"column":null}},"3":{"start":{"line":36,"column":19},"end":{"line":105,"column":null}},"4":{"start":{"line":570,"column":37},"end":{"line":570,"column":47}},"5":{"start":{"line":107,"column":19},"end":{"line":155,"column":null}},"6":{"start":{"line":570,"column":72},"end":{"line":570,"column":82}},"7":{"start":{"line":157,"column":24},"end":{"line":199,"column":null}},"8":{"start":{"line":570,"column":107},"end":{"line":570,"column":122}},"9":{"start":{"line":201,"column":25},"end":{"line":221,"column":null}},"10":{"start":{"line":570,"column":124},"end":{"line":570,"column":140}},"11":{"start":{"line":224,"column":36},"end":{"line":229,"column":null}},"12":{"start":{"line":570,"column":8},"end":{"line":570,"column":35}},"13":{"start":{"line":231,"column":30},"end":{"line":262,"column":null}},"14":{"start":{"line":570,"column":49},"end":{"line":570,"column":70}},"15":{"start":{"line":264,"column":30},"end":{"line":295,"column":null}},"16":{"start":{"line":570,"column":84},"end":{"line":570,"column":105}},"17":{"start":{"line":297,"column":37},"end":{"line":568,"column":null}},"18":{"start":{"line":570,"column":142},"end":{"line":570,"column":170}}},"fnMap":{},"branchMap":{},"s":{"0":2,"1":2,"2":2,"3":2,"4":2,"5":2,"6":2,"7":2,"8":2,"9":2,"10":2,"11":2,"12":2,"13":2,"14":2,"15":2,"16":2,"17":2,"18":2},"f":{},"b":{}}
,"C:\\Users\\enzo.villanueva_prag\\Desktop\\plazoleta-microservice\\src\\docs\\restaurant.docs.ts": {"path":"C:\\Users\\enzo.villanueva_prag\\Desktop\\plazoleta-microservice\\src\\docs\\restaurant.docs.ts","statementMap":{"0":{"start":{"line":2,"column":21},"end":{"line":11,"column":null}},"1":{"start":{"line":14,"column":25},"end":{"line":83,"column":null}},"2":{"start":{"line":213,"column":34},"end":{"line":213,"column":50}},"3":{"start":{"line":85,"column":30},"end":{"line":104,"column":null}},"4":{"start":{"line":213,"column":81},"end":{"line":213,"column":102}},"5":{"start":{"line":107,"column":33},"end":{"line":112,"column":null}},"6":{"start":{"line":213,"column":8},"end":{"line":213,"column":32}},"7":{"start":{"line":114,"column":36},"end":{"line":144,"column":null}},"8":{"start":{"line":213,"column":52},"end":{"line":213,"column":79}},"9":{"start":{"line":146,"column":42},"end":{"line":211,"column":null}},"10":{"start":{"line":213,"column":104},"end":{"line":213,"column":137}}},"fnMap":{},"branchMap":{},"s":{"0":2,"1":2,"2":2,"3":2,"4":2,"5":2,"6":2,"7":2,"8":2,"9":2,"10":2},"f":{},"b":{}}
,"C:\\Users\\enzo.villanueva_prag\\Desktop\\plazoleta-microservice\\src\\docs\\swagger.ts": {"path":"C:\\Users\\enzo.villanueva_prag\\Desktop\\plazoleta-microservice\\src\\docs\\swagger.ts","statementMap":{"0":{"start":{"line":1,"column":0},"end":{"line":1,"column":72}},"1":{"start":{"line":2,"column":0},"end":{"line":2,"column":null}},"2":{"start":{"line":8,"column":0},"end":{"line":8,"column":null}},"3":{"start":{"line":18,"column":42},"end":{"line":72,"column":null}},"4":{"start":{"line":74,"column":36},"end":{"line":77,"column":null}},"5":{"start":{"line":79,"column":0},"end":{"line":79,"column":null}}},"fnMap":{},"branchMap":{},"s":{"0":2,"1":2,"2":2,"3":2,"4":2,"5":2},"f":{},"b":{}}
,"C:\\Users\\enzo.villanueva_prag\\Desktop\\plazoleta-microservice\\src\\middlewares\\verify.owner.ts": {"path":"C:\\Users\\enzo.villanueva_prag\\Desktop\\plazoleta-microservice\\src\\middlewares\\verify.owner.ts","statementMap":{"0":{"start":{"line":2,"column":0},"end":{"line":2,"column":30}},"1":{"start":{"line":3,"column":0},"end":{"line":3,"column":94}},"2":{"start":{"line":4,"column":0},"end":{"line":4,"column":111}},"3":{"start":{"line":5,"column":0},"end":{"line":5,"column":65}},"4":{"start":{"line":6,"column":0},"end":{"line":6,"column":93}},"5":{"start":{"line":8,"column":26},"end":{"line":8,"column":79}},"6":{"start":{"line":9,"column":20},"end":{"line":9,"column":61}},"7":{"start":{"line":11,"column":31},"end":{"line":80,"column":null}},"8":{"start":{"line":11,"column":89},"end":{"line":80,"column":null}},"9":{"start":{"line":13,"column":29},"end":{"line":13,"column":37}},"10":{"start":{"line":14,"column":23},"end":{"line":14,"column":33}},"11":{"start":{"line":16,"column":23},"end":{"line":16,"column":74}},"12":{"start":{"line":18,"column":4},"end":{"line":22,"column":null}},"13":{"start":{"line":19,"column":8},"end":{"line":21,"column":null}},"14":{"start":{"line":24,"column":4},"end":{"line":79,"column":null}},"15":{"start":{"line":25,"column":64},"end":{"line":25,"column":117}},"16":{"start":{"line":27,"column":8},"end":{"line":31,"column":null}},"17":{"start":{"line":28,"column":12},"end":{"line":30,"column":null}},"18":{"start":{"line":33,"column":8},"end":{"line":53,"column":null}},"19":{"start":{"line":34,"column":12},"end":{"line":38,"column":null}},"20":{"start":{"line":35,"column":16},"end":{"line":37,"column":null}},"21":{"start":{"line":40,"column":36},"end":{"line":40,"column":91}},"22":{"start":{"line":42,"column":12},"end":{"line":46,"column":null}},"23":{"start":{"line":43,"column":16},"end":{"line":45,"column":null}},"24":{"start":{"line":48,"column":12},"end":{"line":52,"column":null}},"25":{"start":{"line":49,"column":16},"end":{"line":51,"column":null}},"26":{"start":{"line":55,"column":8},"end":{"line":70,"column":null}},"27":{"start":{"line":56,"column":30},"end":{"line":56,"column":67}},"28":{"start":{"line":57,"column":36},"end":{"line":57,"column":101}},"29":{"start":{"line":59,"column":12},"end":{"line":63,"column":null}},"30":{"start":{"line":60,"column":16},"end":{"line":62,"column":null}},"31":{"start":{"line":65,"column":12},"end":{"line":69,"column":null}},"32":{"start":{"line":66,"column":16},"end":{"line":68,"column":null}},"33":{"start":{"line":72,"column":8},"end":{"line":72,"column":null}},"34":{"start":{"line":76,"column":8},"end":{"line":78,"column":null}},"35":{"start":{"line":11,"column":13},"end":{"line":11,"column":31}}},"fnMap":{"0":{"name":"(anonymous_8)","decl":{"start":{"line":11,"column":31},"end":{"line":11,"column":38}},"loc":{"start":{"line":11,"column":89},"end":{"line":80,"column":null}}},"1":{"name":"(anonymous_9)","decl":{"start":{"line":11,"column":89},"end":{"line":11,"column":null}},"loc":{"start":{"line":11,"column":89},"end":{"line":80,"column":1}}}},"branchMap":{"0":{"loc":{"start":{"line":16,"column":23},"end":{"line":16,"column":74}},"type":"cond-expr","locations":[{"start":{"line":16,"column":50},"end":{"line":16,"column":52}},{"start":{"line":16,"column":50},"end":{"line":16,"column":74}}]},"1":{"loc":{"start":{"line":16,"column":23},"end":{"line":16,"column":52}},"type":"binary-expr","locations":[{"start":{"line":16,"column":23},"end":{"line":16,"column":52}},{"start":{"line":16,"column":50},"end":{"line":16,"column":52}}]},"2":{"loc":{"start":{"line":18,"column":4},"end":{"line":22,"column":null}},"type":"if","locations":[{"start":{"line":18,"column":4},"end":{"line":22,"column":null}}]},"3":{"loc":{"start":{"line":27,"column":8},"end":{"line":31,"column":null}},"type":"if","locations":[{"start":{"line":27,"column":8},"end":{"line":31,"column":null}}]},"4":{"loc":{"start":{"line":33,"column":8},"end":{"line":53,"column":null}},"type":"if","locations":[{"start":{"line":33,"column":8},"end":{"line":53,"column":null}}]},"5":{"loc":{"start":{"line":34,"column":12},"end":{"line":38,"column":null}},"type":"if","locations":[{"start":{"line":34,"column":12},"end":{"line":38,"column":null}}]},"6":{"loc":{"start":{"line":42,"column":12},"end":{"line":46,"column":null}},"type":"if","locations":[{"start":{"line":42,"column":12},"end":{"line":46,"column":null}}]},"7":{"loc":{"start":{"line":48,"column":12},"end":{"line":52,"column":null}},"type":"if","locations":[{"start":{"line":48,"column":12},"end":{"line":52,"column":null}}]},"8":{"loc":{"start":{"line":55,"column":8},"end":{"line":70,"column":null}},"type":"if","locations":[{"start":{"line":55,"column":8},"end":{"line":70,"column":null}}]},"9":{"loc":{"start":{"line":59,"column":12},"end":{"line":63,"column":null}},"type":"if","locations":[{"start":{"line":59,"column":12},"end":{"line":63,"column":null}}]},"10":{"loc":{"start":{"line":65,"column":12},"end":{"line":69,"column":null}},"type":"if","locations":[{"start":{"line":65,"column":12},"end":{"line":69,"column":null}}]}},"s":{"0":2,"1":2,"2":2,"3":2,"4":2,"5":2,"6":2,"7":2,"8":16,"9":16,"10":16,"11":16,"12":16,"13":3,"14":13,"15":13,"16":10,"17":3,"18":7,"19":2,"20":0,"21":2,"22":2,"23":0,"24":2,"25":1,"26":6,"27":5,"28":5,"29":5,"30":0,"31":5,"32":2,"33":4,"34":3,"35":2},"f":{"0":16,"1":16},"b":{"0":[3,13],"1":[16,16],"2":[3],"3":[3],"4":[2],"5":[0],"6":[0],"7":[1],"8":[5],"9":[0],"10":[2]}}
,"C:\\Users\\enzo.villanueva_prag\\Desktop\\plazoleta-microservice\\src\\middlewares\\verify.user.role.ts": {"path":"C:\\Users\\enzo.villanueva_prag\\Desktop\\plazoleta-microservice\\src\\middlewares\\verify.user.role.ts","statementMap":{"0":{"start":{"line":2,"column":0},"end":{"line":2,"column":30}},"1":{"start":{"line":5,"column":30},"end":{"line":48,"column":1}},"2":{"start":{"line":6,"column":4},"end":{"line":47,"column":null}},"3":{"start":{"line":8,"column":27},"end":{"line":8,"column":78}},"4":{"start":{"line":10,"column":8},"end":{"line":14,"column":null}},"5":{"start":{"line":11,"column":12},"end":{"line":13,"column":null}},"6":{"start":{"line":16,"column":8},"end":{"line":46,"column":null}},"7":{"start":{"line":17,"column":68},"end":{"line":17,"column":121}},"8":{"start":{"line":19,"column":12},"end":{"line":37,"column":null}},"9":{"start":{"line":20,"column":16},"end":{"line":24,"column":null}},"10":{"start":{"line":21,"column":20},"end":{"line":23,"column":null}},"11":{"start":{"line":25,"column":16},"end":{"line":29,"column":null}},"12":{"start":{"line":26,"column":20},"end":{"line":28,"column":null}},"13":{"start":{"line":30,"column":16},"end":{"line":34,"column":null}},"14":{"start":{"line":31,"column":20},"end":{"line":33,"column":null}},"15":{"start":{"line":35,"column":18},"end":{"line":37,"column":null}},"16":{"start":{"line":36,"column":16},"end":{"line":36,"column":null}},"17":{"start":{"line":39,"column":12},"end":{"line":39,"column":null}},"18":{"start":{"line":43,"column":12},"end":{"line":45,"column":null}},"19":{"start":{"line":5,"column":13},"end":{"line":5,"column":30}}},"fnMap":{"0":{"name":"(anonymous_1)","decl":{"start":{"line":5,"column":30},"end":{"line":5,"column":31}},"loc":{"start":{"line":5,"column":51},"end":{"line":48,"column":1}}},"1":{"name":"(anonymous_2)","decl":{"start":{"line":6,"column":11},"end":{"line":6,"column":12}},"loc":{"start":{"line":6,"column":63},"end":{"line":47,"column":5}}}},"branchMap":{"0":{"loc":{"start":{"line":8,"column":27},"end":{"line":8,"column":78}},"type":"cond-expr","locations":[{"start":{"line":8,"column":54},"end":{"line":8,"column":56}},{"start":{"line":8,"column":54},"end":{"line":8,"column":78}}]},"1":{"loc":{"start":{"line":8,"column":27},"end":{"line":8,"column":56}},"type":"binary-expr","locations":[{"start":{"line":8,"column":27},"end":{"line":8,"column":56}},{"start":{"line":8,"column":54},"end":{"line":8,"column":56}}]},"2":{"loc":{"start":{"line":10,"column":8},"end":{"line":14,"column":null}},"type":"if","locations":[{"start":{"line":10,"column":8},"end":{"line":14,"column":null}}]},"3":{"loc":{"start":{"line":19,"column":12},"end":{"line":37,"column":null}},"type":"if","locations":[{"start":{"line":19,"column":12},"end":{"line":37,"column":null}},{"start":{"line":35,"column":18},"end":{"line":37,"column":null}}]},"4":{"loc":{"start":{"line":20,"column":16},"end":{"line":24,"column":null}},"type":"if","locations":[{"start":{"line":20,"column":16},"end":{"line":24,"column":null}}]},"5":{"loc":{"start":{"line":25,"column":16},"end":{"line":29,"column":null}},"type":"if","locations":[{"start":{"line":25,"column":16},"end":{"line":29,"column":null}}]},"6":{"loc":{"start":{"line":30,"column":16},"end":{"line":34,"column":null}},"type":"if","locations":[{"start":{"line":30,"column":16},"end":{"line":34,"column":null}}]},"7":{"loc":{"start":{"line":35,"column":18},"end":{"line":37,"column":null}},"type":"if","locations":[{"start":{"line":35,"column":18},"end":{"line":37,"column":null}}]},"8":{"loc":{"start":{"line":35,"column":21},"end":{"line":35,"column":69}},"type":"binary-expr","locations":[{"start":{"line":35,"column":21},"end":{"line":35,"column":42}},{"start":{"line":35,"column":46},"end":{"line":35,"column":69}}]}},"s":{"0":2,"1":2,"2":8,"3":5,"4":5,"5":1,"6":4,"7":4,"8":3,"9":1,"10":0,"11":1,"12":1,"13":0,"14":0,"15":2,"16":0,"17":2,"18":1,"19":2},"f":{"0":8,"1":5},"b":{"0":[1,4],"1":[5,5],"2":[1],"3":[1,2],"4":[0],"5":[1],"6":[0],"7":[0],"8":[2,2]}}
,"C:\\Users\\enzo.villanueva_prag\\Desktop\\plazoleta-microservice\\src\\routes\\dish.routes.ts": {"path":"C:\\Users\\enzo.villanueva_prag\\Desktop\\plazoleta-microservice\\src\\routes\\dish.routes.ts","statementMap":{"0":{"start":{"line":1,"column":0},"end":{"line":1,"column":32}},"1":{"start":{"line":2,"column":0},"end":{"line":2,"column":132}},"2":{"start":{"line":3,"column":0},"end":{"line":3,"column":61}},"3":{"start":{"line":5,"column":19},"end":{"line":5,"column":27}},"4":{"start":{"line":7,"column":0},"end":{"line":12,"column":null}},"5":{"start":{"line":14,"column":0},"end":{"line":14,"column":null}}},"fnMap":{},"branchMap":{},"s":{"0":2,"1":2,"2":2,"3":2,"4":2,"5":2},"f":{},"b":{}}
,"C:\\Users\\enzo.villanueva_prag\\Desktop\\plazoleta-microservice\\src\\routes\\order.routes.ts": {"path":"C:\\Users\\enzo.villanueva_prag\\Desktop\\plazoleta-microservice\\src\\routes\\order.routes.ts","statementMap":{"0":{"start":{"line":1,"column":0},"end":{"line":1,"column":32}},"1":{"start":{"line":2,"column":0},"end":{"line":2,"column":86}},"2":{"start":{"line":3,"column":0},"end":{"line":3,"column":64}},"3":{"start":{"line":5,"column":20},"end":{"line":5,"column":28}},"4":{"start":{"line":7,"column":0},"end":{"line":10,"column":null}},"5":{"start":{"line":12,"column":0},"end":{"line":12,"column":null}}},"fnMap":{},"branchMap":{},"s":{"0":2,"1":2,"2":2,"3":2,"4":2,"5":2},"f":{},"b":{}}
,"C:\\Users\\enzo.villanueva_prag\\Desktop\\plazoleta-microservice\\src\\routes\\restaurant.employee.routes.ts": {"path":"C:\\Users\\enzo.villanueva_prag\\Desktop\\plazoleta-microservice\\src\\routes\\restaurant.employee.routes.ts","statementMap":{"0":{"start":{"line":1,"column":0},"end":{"line":1,"column":32}},"1":{"start":{"line":2,"column":0},"end":{"line":2,"column":113}},"2":{"start":{"line":4,"column":33},"end":{"line":4,"column":41}},"3":{"start":{"line":6,"column":0},"end":{"line":8,"column":null}},"4":{"start":{"line":10,"column":0},"end":{"line":10,"column":null}}},"fnMap":{},"branchMap":{},"s":{"0":2,"1":2,"2":2,"3":2,"4":2},"f":{},"b":{}}
,"C:\\Users\\enzo.villanueva_prag\\Desktop\\plazoleta-microservice\\src\\routes\\restaurant.routes.ts": {"path":"C:\\Users\\enzo.villanueva_prag\\Desktop\\plazoleta-microservice\\src\\routes\\restaurant.routes.ts","statementMap":{"0":{"start":{"line":1,"column":0},"end":{"line":1,"column":32}},"1":{"start":{"line":2,"column":0},"end":{"line":2,"column":108}},"2":{"start":{"line":3,"column":0},"end":{"line":3,"column":64}},"3":{"start":{"line":5,"column":25},"end":{"line":5,"column":33}},"4":{"start":{"line":7,"column":0},"end":{"line":10,"column":null}},"5":{"start":{"line":12,"column":0},"end":{"line":12,"column":null}}},"fnMap":{},"branchMap":{},"s":{"0":2,"1":2,"2":2,"3":2,"4":2,"5":2},"f":{},"b":{}}
,"C:\\Users\\enzo.villanueva_prag\\Desktop\\plazoleta-microservice\\src\\sdks\\cloudinary.sdk.ts": {"path":"C:\\Users\\enzo.villanueva_prag\\Desktop\\plazoleta-microservice\\src\\sdks\\cloudinary.sdk.ts","statementMap":{"0":{"start":{"line":1,"column":0},"end":{"line":1,"column":43}},"1":{"start":{"line":3,"column":0},"end":{"line":8,"column":3}},"2":{"start":{"line":10,"column":0},"end":{"line":10,"column":null}}},"fnMap":{},"branchMap":{},"s":{"0":2,"1":2,"2":2},"f":{},"b":{}}
}
