{"C:\\Users\\enzo.villanueva_prag\\Desktop\\plazoleta-microservice\\src\\connections\\prisma.connection.ts": {"path":"C:\\Users\\enzo.villanueva_prag\\Desktop\\plazoleta-microservice\\src\\connections\\prisma.connection.ts","statementMap":{"0":{"start":{"line":1,"column":0},"end":{"line":1,"column":46}},"1":{"start":{"line":3,"column":15},"end":{"line":3,"column":33}},"2":{"start":{"line":5,"column":0},"end":{"line":7,"column":null}},"3":{"start":{"line":6,"column":12},"end":{"line":6,"column":59}},"4":{"start":{"line":7,"column":23},"end":{"line":7,"column":71}},"5":{"start":{"line":9,"column":0},"end":{"line":9,"column":null}}},"fnMap":{"0":{"name":"(anonymous_0)","decl":{"start":{"line":6,"column":6},"end":{"line":6,"column":9}},"loc":{"start":{"line":6,"column":12},"end":{"line":6,"column":59}}},"1":{"name":"(anonymous_1)","decl":{"start":{"line":7,"column":7},"end":{"line":7,"column":8}},"loc":{"start":{"line":7,"column":23},"end":{"line":7,"column":71}}}},"branchMap":{},"s":{"0":5,"1":5,"2":5,"3":0,"4":0,"5":5},"f":{"0":0,"1":0},"b":{}}
,"C:\\Users\\enzo.villanueva_prag\\Desktop\\plazoleta-microservice\\src\\core\\dish\\application\\get.dish.by.id.ts": {"path":"C:\\Users\\enzo.villanueva_prag\\Desktop\\plazoleta-microservice\\src\\core\\dish\\application\\get.dish.by.id.ts","statementMap":{"0":{"start":{"line":7,"column":8},"end":{"line":7,"column":null}},"1":{"start":{"line":11,"column":26},"end":{"line":11,"column":82}},"2":{"start":{"line":13,"column":8},"end":{"line":15,"column":null}},"3":{"start":{"line":14,"column":12},"end":{"line":14,"column":null}},"4":{"start":{"line":17,"column":8},"end":{"line":17,"column":null}},"5":{"start":{"line":3,"column":0},"end":{"line":3,"column":21}}},"fnMap":{"0":{"name":"(anonymous_7)","decl":{"start":{"line":6,"column":4},"end":{"line":6,"column":16}},"loc":{"start":{"line":6,"column":68},"end":{"line":8,"column":5}}},"1":{"name":"(anonymous_8)","decl":{"start":{"line":10,"column":10},"end":{"line":10,"column":21}},"loc":{"start":{"line":10,"column":37},"end":{"line":18,"column":null}}}},"branchMap":{"0":{"loc":{"start":{"line":13,"column":8},"end":{"line":15,"column":null}},"type":"if","locations":[{"start":{"line":13,"column":8},"end":{"line":15,"column":null}}]}},"s":{"0":2,"1":2,"2":2,"3":1,"4":1,"5":1},"f":{"0":2,"1":2},"b":{"0":[1]}}
,"C:\\Users\\enzo.villanueva_prag\\Desktop\\plazoleta-microservice\\src\\core\\dish\\application\\insert.dish.ts": {"path":"C:\\Users\\enzo.villanueva_prag\\Desktop\\plazoleta-microservice\\src\\core\\dish\\application\\insert.dish.ts","statementMap":{"0":{"start":{"line":1,"column":0},"end":{"line":1,"column":39}},"1":{"start":{"line":2,"column":0},"end":{"line":2,"column":40}},"2":{"start":{"line":3,"column":0},"end":{"line":3,"column":40}},"3":{"start":{"line":14,"column":8},"end":{"line":16,"column":null}},"4":{"start":{"line":21,"column":8},"end":{"line":23,"column":null}},"5":{"start":{"line":22,"column":12},"end":{"line":22,"column":null}},"6":{"start":{"line":25,"column":30},"end":{"line":25,"column":137}},"7":{"start":{"line":26,"column":8},"end":{"line":28,"column":null}},"8":{"start":{"line":27,"column":12},"end":{"line":27,"column":null}},"9":{"start":{"line":30,"column":35},"end":{"line":30,"column":93}},"10":{"start":{"line":31,"column":23},"end":{"line":31,"column":69}},"11":{"start":{"line":33,"column":24},"end":{"line":42,"column":10}},"12":{"start":{"line":44,"column":29},"end":{"line":44,"column":85}},"13":{"start":{"line":45,"column":8},"end":{"line":45,"column":null}},"14":{"start":{"line":8,"column":0},"end":{"line":8,"column":21}}},"fnMap":{"0":{"name":"(anonymous_8)","decl":{"start":{"line":13,"column":4},"end":{"line":13,"column":16}},"loc":{"start":{"line":13,"column":167},"end":{"line":17,"column":5}}},"1":{"name":"(anonymous_9)","decl":{"start":{"line":19,"column":10},"end":{"line":19,"column":20}},"loc":{"start":{"line":19,"column":146},"end":{"line":46,"column":null}}}},"branchMap":{"0":{"loc":{"start":{"line":21,"column":8},"end":{"line":23,"column":null}},"type":"if","locations":[{"start":{"line":21,"column":8},"end":{"line":23,"column":null}}]},"1":{"loc":{"start":{"line":21,"column":11},"end":{"line":21,"column":103}},"type":"binary-expr","locations":[{"start":{"line":21,"column":11},"end":{"line":21,"column":20}},{"start":{"line":21,"column":24},"end":{"line":21,"column":35}},{"start":{"line":21,"column":39},"end":{"line":21,"column":55}},{"start":{"line":21,"column":59},"end":{"line":21,"column":69}},{"start":{"line":21,"column":73},"end":{"line":21,"column":86}},{"start":{"line":21,"column":90},"end":{"line":21,"column":103}}]},"2":{"loc":{"start":{"line":26,"column":8},"end":{"line":28,"column":null}},"type":"if","locations":[{"start":{"line":26,"column":8},"end":{"line":28,"column":null}}]}},"s":{"0":1,"1":1,"2":1,"3":1,"4":1,"5":1,"6":0,"7":0,"8":0,"9":0,"10":0,"11":0,"12":0,"13":0,"14":1},"f":{"0":1,"1":1},"b":{"0":[1],"1":[1,1,1,1,1,1],"2":[0]}}
,"C:\\Users\\enzo.villanueva_prag\\Desktop\\plazoleta-microservice\\src\\core\\dish\\application\\list.dishes.by.restaurantId.ts": {"path":"C:\\Users\\enzo.villanueva_prag\\Desktop\\plazoleta-microservice\\src\\core\\dish\\application\\list.dishes.by.restaurantId.ts","statementMap":{"0":{"start":{"line":7,"column":8},"end":{"line":7,"column":null}},"1":{"start":{"line":11,"column":35},"end":{"line":11,"column":110}},"2":{"start":{"line":13,"column":40},"end":{"line":22,"column":14}},"3":{"start":{"line":14,"column":29},"end":{"line":14,"column":44}},"4":{"start":{"line":16,"column":12},"end":{"line":18,"column":null}},"5":{"start":{"line":17,"column":16},"end":{"line":17,"column":null}},"6":{"start":{"line":19,"column":12},"end":{"line":19,"column":null}},"7":{"start":{"line":21,"column":12},"end":{"line":21,"column":null}},"8":{"start":{"line":24,"column":35},"end":{"line":38,"column":10}},"9":{"start":{"line":25,"column":42},"end":{"line":25,"column":44}},"10":{"start":{"line":26,"column":37},"end":{"line":26,"column":70}},"11":{"start":{"line":27,"column":31},"end":{"line":27,"column":78}},"12":{"start":{"line":29,"column":12},"end":{"line":35,"column":null}},"13":{"start":{"line":29,"column":25},"end":{"line":29,"column":26}},"14":{"start":{"line":30,"column":40},"end":{"line":30,"column":61}},"15":{"start":{"line":31,"column":39},"end":{"line":31,"column":67}},"16":{"start":{"line":33,"column":35},"end":{"line":33,"column":90}},"17":{"start":{"line":34,"column":16},"end":{"line":34,"column":null}},"18":{"start":{"line":37,"column":12},"end":{"line":37,"column":null}},"19":{"start":{"line":40,"column":8},"end":{"line":40,"column":null}},"20":{"start":{"line":3,"column":0},"end":{"line":3,"column":21}}},"fnMap":{"0":{"name":"(anonymous_7)","decl":{"start":{"line":6,"column":4},"end":{"line":6,"column":16}},"loc":{"start":{"line":6,"column":68},"end":{"line":8,"column":5}}},"1":{"name":"(anonymous_8)","decl":{"start":{"line":10,"column":10},"end":{"line":10,"column":20}},"loc":{"start":{"line":10,"column":64},"end":{"line":42,"column":null}}},"2":{"name":"(anonymous_10)","decl":{"start":{"line":13,"column":66},"end":{"line":13,"column":67}},"loc":{"start":{"line":13,"column":82},"end":{"line":22,"column":9}}},"3":{"name":"(anonymous_11)","decl":{"start":{"line":24,"column":76},"end":{"line":24,"column":77}},"loc":{"start":{"line":24,"column":89},"end":{"line":38,"column":9}}}},"branchMap":{"0":{"loc":{"start":{"line":16,"column":12},"end":{"line":18,"column":null}},"type":"if","locations":[{"start":{"line":16,"column":12},"end":{"line":18,"column":null}}]}},"s":{"0":1,"1":1,"2":1,"3":16,"4":16,"5":3,"6":16,"7":16,"8":1,"9":3,"10":3,"11":3,"12":3,"13":3,"14":9,"15":9,"16":9,"17":9,"18":3,"19":1,"20":1},"f":{"0":1,"1":1,"2":16,"3":3},"b":{"0":[3]}}
,"C:\\Users\\enzo.villanueva_prag\\Desktop\\plazoleta-microservice\\src\\core\\dish\\application\\update.dish.by.id.ts": {"path":"C:\\Users\\enzo.villanueva_prag\\Desktop\\plazoleta-microservice\\src\\core\\dish\\application\\update.dish.by.id.ts","statementMap":{"0":{"start":{"line":1,"column":0},"end":{"line":1,"column":43}},"1":{"start":{"line":3,"column":0},"end":{"line":3,"column":41}},"2":{"start":{"line":9,"column":8},"end":{"line":9,"column":null}},"3":{"start":{"line":14,"column":8},"end":{"line":16,"column":null}},"4":{"start":{"line":15,"column":12},"end":{"line":15,"column":null}},"5":{"start":{"line":18,"column":30},"end":{"line":25,"column":44}},"6":{"start":{"line":26,"column":8},"end":{"line":28,"column":null}},"7":{"start":{"line":27,"column":12},"end":{"line":27,"column":null}},"8":{"start":{"line":30,"column":28},"end":{"line":30,"column":115}},"9":{"start":{"line":31,"column":8},"end":{"line":31,"column":null}},"10":{"start":{"line":5,"column":0},"end":{"line":5,"column":21}}},"fnMap":{"0":{"name":"(anonymous_8)","decl":{"start":{"line":8,"column":4},"end":{"line":8,"column":16}},"loc":{"start":{"line":8,"column":68},"end":{"line":10,"column":5}}},"1":{"name":"(anonymous_9)","decl":{"start":{"line":12,"column":10},"end":{"line":12,"column":20}},"loc":{"start":{"line":12,"column":80},"end":{"line":32,"column":null}}}},"branchMap":{"0":{"loc":{"start":{"line":14,"column":8},"end":{"line":16,"column":null}},"type":"if","locations":[{"start":{"line":14,"column":8},"end":{"line":16,"column":null}}]},"1":{"loc":{"start":{"line":14,"column":11},"end":{"line":14,"column":52}},"type":"binary-expr","locations":[{"start":{"line":14,"column":11},"end":{"line":14,"column":18}},{"start":{"line":14,"column":22},"end":{"line":14,"column":38}},{"start":{"line":14,"column":42},"end":{"line":14,"column":52}}]},"2":{"loc":{"start":{"line":26,"column":8},"end":{"line":28,"column":null}},"type":"if","locations":[{"start":{"line":26,"column":8},"end":{"line":28,"column":null}}]}},"s":{"0":1,"1":1,"2":1,"3":1,"4":0,"5":1,"6":1,"7":0,"8":1,"9":1,"10":1},"f":{"0":1,"1":1},"b":{"0":[0],"1":[1,1,1],"2":[0]}}
,"C:\\Users\\enzo.villanueva_prag\\Desktop\\plazoleta-microservice\\src\\core\\dish\\application\\update.state.dish.by.id.ts": {"path":"C:\\Users\\enzo.villanueva_prag\\Desktop\\plazoleta-microservice\\src\\core\\dish\\application\\update.state.dish.by.id.ts","statementMap":{"0":{"start":{"line":7,"column":8},"end":{"line":7,"column":null}},"1":{"start":{"line":12,"column":8},"end":{"line":14,"column":null}},"2":{"start":{"line":13,"column":12},"end":{"line":13,"column":null}},"3":{"start":{"line":16,"column":27},"end":{"line":16,"column":103}},"4":{"start":{"line":17,"column":8},"end":{"line":17,"column":null}},"5":{"start":{"line":3,"column":0},"end":{"line":3,"column":21}}},"fnMap":{"0":{"name":"(anonymous_7)","decl":{"start":{"line":6,"column":4},"end":{"line":6,"column":16}},"loc":{"start":{"line":6,"column":68},"end":{"line":8,"column":5}}},"1":{"name":"(anonymous_8)","decl":{"start":{"line":10,"column":10},"end":{"line":10,"column":25}},"loc":{"start":{"line":10,"column":62},"end":{"line":18,"column":null}}}},"branchMap":{"0":{"loc":{"start":{"line":12,"column":8},"end":{"line":14,"column":null}},"type":"if","locations":[{"start":{"line":12,"column":8},"end":{"line":14,"column":null}}]}},"s":{"0":1,"1":1,"2":0,"3":1,"4":1,"5":1},"f":{"0":1,"1":1},"b":{"0":[0]}}
,"C:\\Users\\enzo.villanueva_prag\\Desktop\\plazoleta-microservice\\src\\core\\dish\\domain\\dish.dto.ts": {"path":"C:\\Users\\enzo.villanueva_prag\\Desktop\\plazoleta-microservice\\src\\core\\dish\\domain\\dish.dto.ts","statementMap":{"0":{"start":{"line":1,"column":0},"end":{"line":1,"column":null}},"1":{"start":{"line":32,"column":8},"end":{"line":37,"column":null}},"2":{"start":{"line":11,"column":4},"end":{"line":11,"column":null}},"3":{"start":{"line":14,"column":4},"end":{"line":14,"column":null}},"4":{"start":{"line":17,"column":4},"end":{"line":17,"column":null}},"5":{"start":{"line":22,"column":4},"end":{"line":22,"column":null}},"6":{"start":{"line":25,"column":4},"end":{"line":25,"column":null}},"7":{"start":{"line":29,"column":4},"end":{"line":29,"column":null}},"8":{"start":{"line":8,"column":0},"end":{"line":8,"column":21}}},"fnMap":{"0":{"name":"(anonymous_1)","decl":{"start":{"line":31,"column":4},"end":{"line":31,"column":16}},"loc":{"start":{"line":31,"column":221},"end":{"line":38,"column":5}}}},"branchMap":{},"s":{"0":3,"1":2,"2":3,"3":3,"4":3,"5":3,"6":3,"7":3,"8":3},"f":{"0":2},"b":{}}
,"C:\\Users\\enzo.villanueva_prag\\Desktop\\plazoleta-microservice\\src\\core\\dish\\domain\\dish.model.ts": {"path":"C:\\Users\\enzo.villanueva_prag\\Desktop\\plazoleta-microservice\\src\\core\\dish\\domain\\dish.model.ts","statementMap":{"0":{"start":{"line":13,"column":8},"end":{"line":20,"column":null}},"1":{"start":{"line":2,"column":0},"end":{"line":2,"column":21}}},"fnMap":{"0":{"name":"(anonymous_0)","decl":{"start":{"line":12,"column":4},"end":{"line":12,"column":16}},"loc":{"start":{"line":12,"column":278},"end":{"line":21,"column":5}}}},"branchMap":{},"s":{"0":1,"1":2},"f":{"0":1},"b":{}}
,"C:\\Users\\enzo.villanueva_prag\\Desktop\\plazoleta-microservice\\src\\core\\dish\\infraestructure\\prisma\\dish.prisma.repository.ts": {"path":"C:\\Users\\enzo.villanueva_prag\\Desktop\\plazoleta-microservice\\src\\core\\dish\\infraestructure\\prisma\\dish.prisma.repository.ts","statementMap":{"0":{"start":{"line":1,"column":0},"end":{"line":1,"column":62}},"1":{"start":{"line":8,"column":26},"end":{"line":19,"column":10}},"2":{"start":{"line":21,"column":8},"end":{"line":21,"column":null}},"3":{"start":{"line":25,"column":28},"end":{"line":33,"column":10}},"4":{"start":{"line":35,"column":8},"end":{"line":35,"column":null}},"5":{"start":{"line":39,"column":26},"end":{"line":43,"column":10}},"6":{"start":{"line":45,"column":8},"end":{"line":45,"column":null}},"7":{"start":{"line":49,"column":27},"end":{"line":56,"column":10}},"8":{"start":{"line":58,"column":8},"end":{"line":58,"column":null}},"9":{"start":{"line":62,"column":8},"end":{"line":72,"column":null}},"10":{"start":{"line":63,"column":30},"end":{"line":67,"column":14}},"11":{"start":{"line":69,"column":12},"end":{"line":69,"column":null}},"12":{"start":{"line":71,"column":12},"end":{"line":71,"column":null}},"13":{"start":{"line":5,"column":0},"end":{"line":5,"column":21}}},"fnMap":{"0":{"name":"(anonymous_8)","decl":{"start":{"line":7,"column":10},"end":{"line":7,"column":20}},"loc":{"start":{"line":7,"column":32},"end":{"line":22,"column":null}}},"1":{"name":"(anonymous_10)","decl":{"start":{"line":24,"column":10},"end":{"line":24,"column":24}},"loc":{"start":{"line":24,"column":84},"end":{"line":36,"column":null}}},"2":{"name":"(anonymous_12)","decl":{"start":{"line":38,"column":10},"end":{"line":38,"column":21}},"loc":{"start":{"line":38,"column":37},"end":{"line":46,"column":null}}},"3":{"name":"(anonymous_14)","decl":{"start":{"line":48,"column":10},"end":{"line":48,"column":29}},"loc":{"start":{"line":48,"column":66},"end":{"line":59,"column":null}}},"4":{"name":"(anonymous_16)","decl":{"start":{"line":61,"column":10},"end":{"line":61,"column":34}},"loc":{"start":{"line":61,"column":56},"end":{"line":73,"column":null}}}},"branchMap":{},"s":{"0":5,"1":0,"2":0,"3":0,"4":0,"5":0,"6":0,"7":0,"8":0,"9":0,"10":0,"11":0,"12":0,"13":5},"f":{"0":0,"1":0,"2":0,"3":0,"4":0},"b":{}}
,"C:\\Users\\enzo.villanueva_prag\\Desktop\\plazoleta-microservice\\src\\core\\dish\\infraestructure\\uuid\\dish.uuid.repository.ts": {"path":"C:\\Users\\enzo.villanueva_prag\\Desktop\\plazoleta-microservice\\src\\core\\dish\\infraestructure\\uuid\\dish.uuid.repository.ts","statementMap":{"0":{"start":{"line":1,"column":0},"end":{"line":1,"column":33}},"1":{"start":{"line":7,"column":8},"end":{"line":7,"column":null}},"2":{"start":{"line":4,"column":0},"end":{"line":4,"column":21}}},"fnMap":{"0":{"name":"(anonymous_0)","decl":{"start":{"line":6,"column":4},"end":{"line":6,"column":18}},"loc":{"start":{"line":6,"column":18},"end":{"line":8,"column":5}}}},"branchMap":{},"s":{"0":1,"1":0,"2":1},"f":{"0":0},"b":{}}
,"C:\\Users\\enzo.villanueva_prag\\Desktop\\plazoleta-microservice\\src\\core\\order\\domain\\order.model.ts": {"path":"C:\\Users\\enzo.villanueva_prag\\Desktop\\plazoleta-microservice\\src\\core\\order\\domain\\order.model.ts","statementMap":{"0":{"start":{"line":9,"column":8},"end":{"line":11,"column":null}},"1":{"start":{"line":12,"column":8},"end":{"line":12,"column":null}},"2":{"start":{"line":2,"column":0},"end":{"line":2,"column":21}}},"fnMap":{"0":{"name":"(anonymous_0)","decl":{"start":{"line":8,"column":4},"end":{"line":8,"column":16}},"loc":{"start":{"line":8,"column":139},"end":{"line":13,"column":5}}}},"branchMap":{},"s":{"0":1,"1":1,"2":1},"f":{"0":1},"b":{}}
,"C:\\Users\\enzo.villanueva_prag\\Desktop\\plazoleta-microservice\\src\\core\\orderdishes\\domain\\orderdishes.model.ts": {"path":"C:\\Users\\enzo.villanueva_prag\\Desktop\\plazoleta-microservice\\src\\core\\orderdishes\\domain\\orderdishes.model.ts","statementMap":{"0":{"start":{"line":9,"column":8},"end":{"line":12,"column":null}},"1":{"start":{"line":2,"column":0},"end":{"line":2,"column":21}}},"fnMap":{"0":{"name":"(anonymous_0)","decl":{"start":{"line":8,"column":4},"end":{"line":8,"column":16}},"loc":{"start":{"line":8,"column":133},"end":{"line":13,"column":5}}}},"branchMap":{},"s":{"0":1,"1":1},"f":{"0":1},"b":{}}
,"C:\\Users\\enzo.villanueva_prag\\Desktop\\plazoleta-microservice\\src\\core\\restaurant\\domain\\restaurant.model.ts": {"path":"C:\\Users\\enzo.villanueva_prag\\Desktop\\plazoleta-microservice\\src\\core\\restaurant\\domain\\restaurant.model.ts","statementMap":{"0":{"start":{"line":12,"column":8},"end":{"line":18,"column":null}},"1":{"start":{"line":2,"column":0},"end":{"line":2,"column":21}}},"fnMap":{"0":{"name":"(anonymous_0)","decl":{"start":{"line":11,"column":4},"end":{"line":11,"column":16}},"loc":{"start":{"line":11,"column":303},"end":{"line":19,"column":5}}}},"branchMap":{},"s":{"0":1,"1":1},"f":{"0":1},"b":{}}
,"C:\\Users\\enzo.villanueva_prag\\Desktop\\plazoleta-microservice\\src\\core\\restaurant\\infraestructure\\cloudinary\\image.cloudinary.repository.ts": {"path":"C:\\Users\\enzo.villanueva_prag\\Desktop\\plazoleta-microservice\\src\\core\\restaurant\\infraestructure\\cloudinary\\image.cloudinary.repository.ts","statementMap":{"0":{"start":{"line":1,"column":0},"end":{"line":1,"column":56}},"1":{"start":{"line":8,"column":25},"end":{"line":8,"column":63}},"2":{"start":{"line":9,"column":8},"end":{"line":9,"column":null}},"3":{"start":{"line":4,"column":0},"end":{"line":4,"column":21}}},"fnMap":{"0":{"name":"(anonymous_8)","decl":{"start":{"line":6,"column":10},"end":{"line":6,"column":21}},"loc":{"start":{"line":6,"column":35},"end":{"line":11,"column":null}}}},"branchMap":{},"s":{"0":1,"1":0,"2":0,"3":1},"f":{"0":0},"b":{}}
,"C:\\Users\\enzo.villanueva_prag\\Desktop\\plazoleta-microservice\\src\\core\\restaurantemployee\\domain\\restaurant.employee.model.ts": {"path":"C:\\Users\\enzo.villanueva_prag\\Desktop\\plazoleta-microservice\\src\\core\\restaurantemployee\\domain\\restaurant.employee.model.ts","statementMap":{"0":{"start":{"line":8,"column":8},"end":{"line":10,"column":null}},"1":{"start":{"line":2,"column":0},"end":{"line":2,"column":21}}},"fnMap":{"0":{"name":"(anonymous_0)","decl":{"start":{"line":7,"column":4},"end":{"line":7,"column":16}},"loc":{"start":{"line":7,"column":129},"end":{"line":11,"column":5}}}},"branchMap":{},"s":{"0":1,"1":1},"f":{"0":1},"b":{}}
,"C:\\Users\\enzo.villanueva_prag\\Desktop\\plazoleta-microservice\\src\\sdks\\cloudinary.sdk.ts": {"path":"C:\\Users\\enzo.villanueva_prag\\Desktop\\plazoleta-microservice\\src\\sdks\\cloudinary.sdk.ts","statementMap":{"0":{"start":{"line":1,"column":0},"end":{"line":1,"column":43}},"1":{"start":{"line":3,"column":0},"end":{"line":8,"column":3}},"2":{"start":{"line":10,"column":0},"end":{"line":10,"column":null}}},"fnMap":{},"branchMap":{},"s":{"0":1,"1":1,"2":1},"f":{},"b":{}}
}
