TN:
SF:src\index.ts
FN:22,(anonymous_1)
FN:36,(anonymous_2)
FN:37,(anonymous_3)
FN:39,(anonymous_4)
FNF:4
FNH:2
FNDA:0,(anonymous_1)
FNDA:2,(anonymous_2)
FNDA:0,(anonymous_3)
FNDA:2,(anonymous_4)
DA:1,2
DA:2,2
DA:3,2
DA:4,2
DA:5,2
DA:6,2
DA:8,2
DA:9,2
DA:10,2
DA:11,2
DA:12,2
DA:13,2
DA:15,2
DA:17,2
DA:18,2
DA:19,2
DA:20,2
DA:22,2
DA:23,0
DA:28,2
DA:29,2
DA:30,2
DA:31,2
DA:32,2
DA:35,2
DA:36,2
DA:37,0
DA:39,2
DA:40,2
DA:43,2
LF:30
LH:28
BRDA:17,0,0,2
BRDA:17,0,1,2
BRF:2
BRH:2
end_of_record
TN:
SF:src\connections\prisma.connection.ts
FNF:0
FNH:0
DA:1,2
DA:3,2
DA:5,2
LF:3
LH:3
BRF:0
BRH:0
end_of_record
TN:
SF:src\controllers\dish.controller.ts
FN:18,(anonymous_8)
FN:18,(anonymous_9)
FN:39,(anonymous_10)
FN:39,(anonymous_11)
FN:61,(anonymous_12)
FN:61,(anonymous_13)
FN:82,(anonymous_14)
FN:82,(anonymous_15)
FN:102,(anonymous_16)
FN:102,(anonymous_17)
FNF:10
FNH:6
FNDA:1,(anonymous_8)
FNDA:1,(anonymous_9)
FNDA:1,(anonymous_10)
FNDA:1,(anonymous_11)
FNDA:2,(anonymous_12)
FNDA:2,(anonymous_13)
FNDA:0,(anonymous_14)
FNDA:0,(anonymous_15)
FNDA:0,(anonymous_16)
FNDA:0,(anonymous_17)
DA:2,2
DA:3,2
DA:4,2
DA:5,2
DA:6,2
DA:8,2
DA:9,2
DA:10,2
DA:12,2
DA:13,2
DA:14,2
DA:15,2
DA:16,2
DA:18,2
DA:19,1
DA:21,1
DA:22,1
DA:23,1
DA:25,1
DA:32,0
DA:39,2
DA:40,1
DA:41,1
DA:43,1
DA:44,1
DA:46,1
DA:54,0
DA:61,2
DA:62,2
DA:63,2
DA:65,2
DA:66,2
DA:68,1
DA:75,1
DA:82,2
DA:83,0
DA:85,0
DA:86,0
DA:88,0
DA:95,0
DA:102,2
DA:103,0
DA:105,0
DA:106,0
DA:108,0
DA:115,0
LF:46
LH:34
BRF:0
BRH:0
end_of_record
TN:
SF:src\controllers\order.controller.ts
FN:17,(anonymous_8)
FN:17,(anonymous_9)
FN:39,(anonymous_10)
FN:39,(anonymous_11)
FN:60,(anonymous_12)
FN:60,(anonymous_13)
FNF:6
FNH:0
FNDA:0,(anonymous_8)
FNDA:0,(anonymous_9)
FNDA:0,(anonymous_10)
FNDA:0,(anonymous_11)
FNDA:0,(anonymous_12)
FNDA:0,(anonymous_13)
DA:2,2
DA:3,2
DA:4,2
DA:6,2
DA:7,2
DA:8,2
DA:9,2
DA:10,2
DA:11,2
DA:13,2
DA:14,2
DA:15,2
DA:17,2
DA:18,0
DA:19,0
DA:21,0
DA:22,0
DA:24,0
DA:32,0
DA:39,2
DA:40,0
DA:41,0
DA:43,0
DA:44,0
DA:46,0
DA:53,0
DA:60,2
DA:61,0
DA:62,0
DA:63,0
DA:65,0
DA:66,0
DA:68,0
DA:76,0
LF:34
LH:15
BRF:0
BRH:0
end_of_record
TN:
SF:src\controllers\restaurant.controller.ts
FN:15,(anonymous_8)
FN:15,(anonymous_9)
FN:36,(anonymous_10)
FN:36,(anonymous_11)
FN:57,(anonymous_12)
FN:57,(anonymous_13)
FNF:6
FNH:2
FNDA:2,(anonymous_8)
FNDA:2,(anonymous_9)
FNDA:0,(anonymous_10)
FNDA:0,(anonymous_11)
FNDA:0,(anonymous_12)
FNDA:0,(anonymous_13)
DA:2,2
DA:3,2
DA:4,2
DA:6,2
DA:7,2
DA:8,2
DA:9,2
DA:11,2
DA:12,2
DA:13,2
DA:15,2
DA:16,2
DA:18,2
DA:19,2
DA:21,1
DA:29,1
DA:36,2
DA:37,0
DA:39,0
DA:40,0
DA:42,0
DA:50,0
DA:57,2
DA:58,0
DA:60,0
DA:61,0
DA:63,0
DA:70,0
LF:28
LH:18
BRF:0
BRH:0
end_of_record
TN:
SF:src\controllers\restaurant.employee.controller.ts
FN:11,(anonymous_8)
FN:11,(anonymous_9)
FN:32,(anonymous_10)
FN:32,(anonymous_11)
FNF:4
FNH:0
FNDA:0,(anonymous_8)
FNDA:0,(anonymous_9)
FNDA:0,(anonymous_10)
FNDA:0,(anonymous_11)
DA:2,2
DA:3,2
DA:5,2
DA:6,2
DA:8,2
DA:9,2
DA:11,2
DA:12,0
DA:14,0
DA:15,0
DA:17,0
DA:25,0
DA:32,2
DA:33,0
DA:35,0
DA:36,0
DA:38,0
DA:45,0
LF:18
LH:8
BRF:0
BRH:0
end_of_record
TN:
SF:src\core\dish\application\get.dish.by.id.ts
FN:6,(anonymous_7)
FN:10,(anonymous_8)
FNF:2
FNH:2
FNDA:4,(anonymous_7)
FNDA:5,(anonymous_8)
DA:3,2
DA:7,4
DA:11,5
DA:12,5
DA:14,5
DA:15,0
DA:18,5
DA:21,0
LF:8
LH:6
BRDA:14,0,0,0
BRF:1
BRH:0
end_of_record
TN:
SF:src\core\dish\application\insert.dish.ts
FN:13,(anonymous_8)
FN:19,(anonymous_9)
FN:30,(anonymous_11)
FNF:3
FNH:2
FNDA:2,(anonymous_8)
FNDA:1,(anonymous_9)
FNDA:0,(anonymous_11)
DA:1,2
DA:2,2
DA:3,2
DA:8,2
DA:14,2
DA:20,1
DA:21,1
DA:29,1
DA:30,0
DA:31,0
DA:34,1
DA:35,1
DA:37,1
DA:47,1
DA:48,1
DA:51,0
LF:16
LH:13
BRDA:29,0,0,0
BRDA:30,1,0,0
BRDA:30,1,1,0
BRF:3
BRH:0
end_of_record
TN:
SF:src\core\dish\application\list.dishes.by.restaurantId.ts
FN:6,(anonymous_7)
FN:10,(anonymous_8)
FN:17,(anonymous_10)
FN:28,(anonymous_11)
FNF:4
FNH:1
FNDA:2,(anonymous_7)
FNDA:0,(anonymous_8)
FNDA:0,(anonymous_10)
FNDA:0,(anonymous_11)
DA:3,2
DA:7,2
DA:11,0
DA:12,0
DA:13,0
DA:14,0
DA:17,0
DA:18,0
DA:20,0
DA:21,0
DA:23,0
DA:25,0
DA:28,0
DA:29,0
DA:31,0
DA:32,0
DA:34,0
DA:35,0
DA:38,0
DA:41,0
LF:20
LH:2
BRDA:13,0,0,0
BRDA:20,1,0,0
BRF:2
BRH:0
end_of_record
TN:
SF:src\core\dish\application\update.dish.by.id.ts
FN:8,(anonymous_8)
FN:12,(anonymous_9)
FN:20,(anonymous_11)
FNF:3
FNH:2
FNDA:2,(anonymous_8)
FNDA:1,(anonymous_9)
FNDA:0,(anonymous_11)
DA:1,2
DA:3,2
DA:5,2
DA:9,2
DA:13,1
DA:15,1
DA:19,1
DA:20,0
DA:21,0
DA:24,1
DA:25,1
DA:26,0
DA:28,1
DA:31,0
LF:14
LH:10
BRDA:19,0,0,0
BRDA:20,1,0,0
BRDA:20,1,1,0
BRDA:25,2,0,0
BRF:4
BRH:0
end_of_record
TN:
SF:src\core\dish\application\update.state.dish.by.id.ts
FN:6,(anonymous_7)
FN:10,(anonymous_8)
FNF:2
FNH:2
FNDA:2,(anonymous_7)
FNDA:2,(anonymous_8)
DA:3,2
DA:7,2
DA:11,2
DA:12,2
DA:13,1
DA:16,1
DA:17,1
DA:18,0
DA:20,1
DA:23,1
LF:10
LH:9
BRDA:12,0,0,1
BRDA:17,1,0,0
BRF:2
BRH:1
end_of_record
TN:
SF:src\core\dish\domain\dish.dto.ts
FN:38,(anonymous_1)
FNF:1
FNH:1
FNDA:2,(anonymous_1)
DA:1,2
DA:9,2
DA:13,2
DA:17,2
DA:21,2
DA:27,2
DA:31,2
DA:36,2
DA:39,2
LF:9
LH:9
BRF:0
BRH:0
end_of_record
TN:
SF:src\core\dish\domain\dish.model.ts
FN:12,(anonymous_0)
FNF:1
FNH:1
FNDA:1,(anonymous_0)
DA:2,2
DA:13,1
LF:2
LH:2
BRF:0
BRH:0
end_of_record
TN:
SF:src\core\dish\infraestructure\cloudinary\dish.image.cloudinary.repository.ts
FN:6,(anonymous_8)
FNF:1
FNH:1
FNDA:1,(anonymous_8)
DA:1,2
DA:4,2
DA:7,1
DA:8,1
DA:9,1
DA:12,0
LF:6
LH:5
BRF:0
BRH:0
end_of_record
TN:
SF:src\core\dish\infraestructure\prisma\dish.prisma.repository.ts
FN:7,(anonymous_8)
FN:29,(anonymous_10)
FN:48,(anonymous_12)
FN:63,(anonymous_14)
FN:81,(anonymous_16)
FNF:5
FNH:4
FNDA:1,(anonymous_8)
FNDA:1,(anonymous_10)
FNDA:5,(anonymous_12)
FNDA:1,(anonymous_14)
FNDA:0,(anonymous_16)
DA:1,2
DA:5,2
DA:8,1
DA:9,1
DA:22,1
DA:25,0
DA:30,1
DA:31,1
DA:41,1
DA:44,0
DA:49,5
DA:50,5
DA:56,5
DA:59,0
DA:64,1
DA:65,1
DA:74,1
DA:77,0
DA:82,0
DA:83,0
DA:89,0
DA:92,0
LF:22
LH:14
BRF:0
BRH:0
end_of_record
TN:
SF:src\core\dish\infraestructure\uuid\dish.uuid.repository.ts
FN:6,(anonymous_0)
FNF:1
FNH:1
FNDA:1,(anonymous_0)
DA:1,2
DA:4,2
DA:7,1
DA:8,1
DA:11,0
LF:5
LH:4
BRF:0
BRH:0
end_of_record
TN:
SF:src\core\order\application\insert.order.ts
FN:17,(anonymous_8)
FN:25,(anonymous_9)
FN:32,(anonymous_11)
FN:40,(anonymous_12)
FN:40,(anonymous_13)
FN:64,(anonymous_14)
FN:64,(anonymous_15)
FNF:7
FNH:1
FNDA:2,(anonymous_8)
FNDA:0,(anonymous_9)
FNDA:0,(anonymous_11)
FNDA:0,(anonymous_12)
FNDA:0,(anonymous_13)
FNDA:0,(anonymous_14)
FNDA:0,(anonymous_15)
DA:3,2
DA:8,2
DA:10,2
DA:18,2
DA:26,0
DA:28,0
DA:29,0
DA:30,0
DA:32,0
DA:33,0
DA:34,0
DA:35,0
DA:39,0
DA:40,0
DA:41,0
DA:42,0
DA:43,0
DA:45,0
DA:46,0
DA:52,0
DA:53,0
DA:59,0
DA:62,0
DA:63,0
DA:64,0
DA:65,0
DA:66,0
DA:72,0
DA:76,0
DA:82,0
LF:30
LH:4
BRDA:29,0,0,0
BRDA:33,1,0,0
BRDA:34,2,0,0
BRDA:35,3,0,0
BRDA:42,4,0,0
BRDA:45,5,0,0
BRF:6
BRH:0
end_of_record
TN:
SF:src\core\order\application\list.orders.by.state.ts
FN:8,(anonymous_7)
FN:13,(anonymous_8)
FNF:2
FNH:1
FNDA:2,(anonymous_7)
FNDA:0,(anonymous_8)
DA:4,2
DA:9,2
DA:14,0
DA:15,0
DA:16,0
DA:17,0
DA:20,0
DA:21,0
DA:22,0
DA:25,0
DA:26,0
DA:28,0
DA:29,0
DA:32,0
LF:14
LH:2
BRDA:16,0,0,0
BRDA:21,1,0,0
BRF:2
BRH:0
end_of_record
TN:
SF:src\core\order\application\update.order.by.order.id.ts
FN:6,(anonymous_7)
FN:10,(anonymous_8)
FNF:2
FNH:1
FNDA:2,(anonymous_7)
FNDA:0,(anonymous_8)
DA:3,2
DA:7,2
DA:11,0
DA:12,0
DA:13,0
DA:16,0
DA:17,0
DA:18,0
DA:20,0
DA:21,0
DA:24,0
DA:25,0
DA:26,0
DA:29,0
DA:32,0
LF:15
LH:2
BRDA:12,0,0,0
BRDA:17,1,0,0
BRDA:20,2,0,0
BRDA:25,3,0,0
BRF:4
BRH:0
end_of_record
TN:
SF:src\core\order\domain\order.model.ts
FN:8,(anonymous_0)
FNF:1
FNH:0
FNDA:0,(anonymous_0)
DA:2,2
DA:9,0
DA:12,0
LF:3
LH:1
BRF:0
BRH:0
end_of_record
TN:
SF:src\core\order\infraestructure\prisma\order.prisma.repository.ts
FN:7,(anonymous_8)
FN:25,(anonymous_10)
FN:40,(anonymous_12)
FN:59,(anonymous_14)
FN:78,(anonymous_16)
FNF:5
FNH:0
FNDA:0,(anonymous_8)
FNDA:0,(anonymous_10)
FNDA:0,(anonymous_12)
FNDA:0,(anonymous_14)
FNDA:0,(anonymous_16)
DA:1,2
DA:5,2
DA:8,0
DA:9,0
DA:18,0
DA:21,0
DA:26,0
DA:27,0
DA:33,0
DA:36,0
DA:41,0
DA:42,0
DA:52,0
DA:55,0
DA:60,0
DA:61,0
DA:71,0
DA:74,0
DA:79,0
DA:80,0
DA:86,0
DA:89,0
LF:22
LH:2
BRF:0
BRH:0
end_of_record
TN:
SF:src\core\order\infraestructure\uuid\order.uuid.repository.ts
FN:6,(anonymous_0)
FNF:1
FNH:0
FNDA:0,(anonymous_0)
DA:1,2
DA:4,2
DA:7,0
DA:8,0
DA:11,0
LF:5
LH:2
BRF:0
BRH:0
end_of_record
TN:
SF:src\core\orderdishes\domain\orderdishes.model.ts
FN:8,(anonymous_0)
FNF:1
FNH:0
FNDA:0,(anonymous_0)
DA:2,2
DA:9,0
LF:2
LH:1
BRF:0
BRH:0
end_of_record
TN:
SF:src\core\orderdishes\infraestructure\prisma\orderdishes.prisma.repository.ts
FN:7,(anonymous_8)
FNF:1
FNH:0
FNDA:0,(anonymous_8)
DA:1,2
DA:5,2
DA:8,0
DA:9,0
DA:18,0
DA:21,0
LF:6
LH:2
BRF:0
BRH:0
end_of_record
TN:
SF:src\core\orderdishes\infraestructure\uuid\orderdishes.uuid.repository.ts
FN:5,(anonymous_0)
FNF:1
FNH:0
FNDA:0,(anonymous_0)
DA:1,2
DA:3,2
DA:6,0
DA:7,0
DA:10,0
LF:5
LH:2
BRF:0
BRH:0
end_of_record
TN:
SF:src\core\restaurant\application\get.restaurant.by.restaurant.id.ts
FN:6,(anonymous_7)
FN:10,(anonymous_8)
FNF:2
FNH:2
FNDA:4,(anonymous_7)
FNDA:7,(anonymous_8)
DA:3,2
DA:7,4
DA:11,7
DA:12,7
DA:14,7
DA:15,0
DA:18,7
DA:21,0
LF:8
LH:6
BRDA:14,0,0,0
BRF:1
BRH:0
end_of_record
TN:
SF:src\core\restaurant\application\insert.restaurant.ts
FN:16,(anonymous_8)
FN:23,(anonymous_9)
FN:34,(anonymous_11)
FNF:3
FNH:2
FNDA:2,(anonymous_8)
FNDA:2,(anonymous_9)
FNDA:0,(anonymous_11)
DA:1,2
DA:2,2
DA:3,2
DA:10,2
DA:17,2
DA:24,2
DA:25,2
DA:33,2
DA:34,0
DA:35,0
DA:38,2
DA:39,2
DA:40,1
DA:43,1
DA:44,1
DA:46,1
DA:55,1
DA:56,1
DA:59,1
LF:19
LH:17
BRDA:33,0,0,0
BRDA:34,1,0,0
BRDA:34,1,1,0
BRDA:39,2,0,1
BRF:4
BRH:1
end_of_record
TN:
SF:src\core\restaurant\application\list.all.restaurant.ts
FN:6,(anonymous_7)
FN:10,(anonymous_8)
FN:13,(anonymous_10)
FN:19,(anonymous_11)
FNF:4
FNH:1
FNDA:2,(anonymous_7)
FNDA:0,(anonymous_8)
FNDA:0,(anonymous_10)
FNDA:0,(anonymous_11)
DA:3,2
DA:7,2
DA:11,0
DA:12,0
DA:13,0
DA:14,0
DA:19,0
DA:21,0
DA:22,0
DA:24,0
DA:25,0
DA:28,0
LF:12
LH:2
BRF:0
BRH:0
end_of_record
TN:
SF:src\core\restaurant\domain\restaurant.dto.ts
FN:40,(anonymous_1)
FNF:1
FNH:1
FNDA:2,(anonymous_1)
DA:1,2
DA:10,2
DA:15,2
DA:19,2
DA:23,2
DA:29,2
DA:34,2
DA:38,2
DA:41,2
LF:9
LH:9
BRF:0
BRH:0
end_of_record
TN:
SF:src\core\restaurant\domain\restaurant.model.ts
FN:11,(anonymous_0)
FNF:1
FNH:1
FNDA:1,(anonymous_0)
DA:2,2
DA:12,1
LF:2
LH:2
BRF:0
BRH:0
end_of_record
TN:
SF:src\core\restaurant\infraestructure\cloudinary\restaurant.image.cloudinary.repository.ts
FN:6,(anonymous_8)
FNF:1
FNH:1
FNDA:1,(anonymous_8)
DA:1,2
DA:4,2
DA:7,1
DA:8,1
DA:9,1
DA:12,0
LF:6
LH:5
BRF:0
BRH:0
end_of_record
TN:
SF:src\core\restaurant\infraestructure\prisma\restaurant.prisma.repository.ts
FN:7,(anonymous_8)
FN:28,(anonymous_10)
FN:43,(anonymous_12)
FNF:3
FNH:2
FNDA:1,(anonymous_8)
FNDA:7,(anonymous_10)
FNDA:0,(anonymous_12)
DA:1,2
DA:5,2
DA:8,1
DA:9,1
DA:21,1
DA:24,0
DA:29,7
DA:30,7
DA:36,7
DA:39,0
DA:44,0
DA:45,0
DA:47,0
DA:50,0
LF:14
LH:8
BRF:0
BRH:0
end_of_record
TN:
SF:src\core\restaurant\infraestructure\services\user.service.repository.ts
FN:8,(anonymous_8)
FNF:1
FNH:1
FNDA:2,(anonymous_8)
DA:1,2
DA:4,2
DA:6,2
DA:9,2
DA:10,2
DA:12,2
DA:14,2
DA:17,0
LF:8
LH:7
BRF:0
BRH:0
end_of_record
TN:
SF:src\core\restaurant\infraestructure\uuid\restaurant.uuid.repository.ts
FN:6,(anonymous_0)
FNF:1
FNH:1
FNDA:1,(anonymous_0)
DA:2,2
DA:4,2
DA:7,1
DA:8,1
DA:11,0
LF:5
LH:4
BRF:0
BRH:0
end_of_record
TN:
SF:src\core\restaurantemployee\application\get.restaurant.employee.by.employee.id.ts
FN:6,(anonymous_7)
FN:10,(anonymous_8)
FNF:2
FNH:1
FNDA:2,(anonymous_7)
FNDA:0,(anonymous_8)
DA:3,2
DA:7,2
DA:11,0
DA:12,0
DA:14,0
DA:15,0
DA:18,0
DA:21,0
LF:8
LH:2
BRDA:14,0,0,0
BRF:1
BRH:0
end_of_record
TN:
SF:src\core\restaurantemployee\application\insert.employee.to.restaurant.ts
FN:9,(anonymous_8)
FN:14,(anonymous_9)
FNF:2
FNH:1
FNDA:2,(anonymous_8)
FNDA:0,(anonymous_9)
DA:2,2
DA:5,2
DA:10,2
DA:15,0
DA:16,0
DA:17,0
DA:18,0
DA:21,0
DA:22,0
DA:27,0
DA:29,0
DA:32,0
LF:12
LH:3
BRDA:17,0,0,0
BRF:1
BRH:0
end_of_record
TN:
SF:src\core\restaurantemployee\domain\restaurant.employee.model.ts
FN:7,(anonymous_0)
FNF:1
FNH:0
FNDA:0,(anonymous_0)
DA:2,2
DA:8,0
LF:2
LH:1
BRF:0
BRH:0
end_of_record
TN:
SF:src\core\restaurantemployee\infraestructure\prisma\restaurant.employee.prisma.repository.ts
FN:7,(anonymous_8)
FN:24,(anonymous_10)
FNF:2
FNH:0
FNDA:0,(anonymous_8)
FNDA:0,(anonymous_10)
DA:1,2
DA:5,2
DA:8,0
DA:9,0
DA:17,0
DA:20,0
DA:25,0
DA:26,0
DA:32,0
DA:35,0
LF:10
LH:2
BRF:0
BRH:0
end_of_record
TN:
SF:src\core\restaurantemployee\infraestructure\uuid\restaurant.employee.uuid.repository.ts.ts
FN:6,(anonymous_0)
FNF:1
FNH:0
FNDA:0,(anonymous_0)
DA:1,2
DA:4,2
DA:7,0
DA:8,0
DA:11,0
LF:5
LH:2
BRF:0
BRH:0
end_of_record
TN:
SF:src\docs\dish.docs.ts
FNF:0
FNH:0
DA:2,2
DA:13,2
DA:24,2
DA:36,2
DA:107,2
DA:157,2
DA:201,2
DA:224,2
DA:231,2
DA:264,2
DA:297,2
DA:570,2
LF:12
LH:12
BRF:0
BRH:0
end_of_record
TN:
SF:src\docs\restaurant.docs.ts
FNF:0
FNH:0
DA:2,2
DA:14,2
DA:85,2
DA:107,2
DA:114,2
DA:146,2
DA:213,2
LF:7
LH:7
BRF:0
BRH:0
end_of_record
TN:
SF:src\docs\swagger.ts
FNF:0
FNH:0
DA:1,2
DA:2,2
DA:8,2
DA:18,2
DA:74,2
DA:79,2
LF:6
LH:6
BRF:0
BRH:0
end_of_record
TN:
SF:src\middlewares\verify.owner.ts
FN:11,(anonymous_8)
FN:11,(anonymous_9)
FNF:2
FNH:2
FNDA:16,(anonymous_8)
FNDA:16,(anonymous_9)
DA:2,2
DA:3,2
DA:4,2
DA:5,2
DA:6,2
DA:8,2
DA:9,2
DA:11,16
DA:13,16
DA:14,16
DA:16,16
DA:18,16
DA:19,3
DA:24,13
DA:25,13
DA:27,10
DA:28,3
DA:33,7
DA:34,2
DA:35,0
DA:40,2
DA:42,2
DA:43,0
DA:48,2
DA:49,1
DA:55,6
DA:56,5
DA:57,5
DA:59,5
DA:60,0
DA:65,5
DA:66,2
DA:72,4
DA:76,3
LF:34
LH:31
BRDA:16,0,0,3
BRDA:16,0,1,13
BRDA:16,1,0,16
BRDA:16,1,1,16
BRDA:18,2,0,3
BRDA:27,3,0,3
BRDA:33,4,0,2
BRDA:34,5,0,0
BRDA:42,6,0,0
BRDA:48,7,0,1
BRDA:55,8,0,5
BRDA:59,9,0,0
BRDA:65,10,0,2
BRF:13
BRH:10
end_of_record
TN:
SF:src\middlewares\verify.user.role.ts
FN:5,(anonymous_1)
FN:6,(anonymous_2)
FNF:2
FNH:2
FNDA:8,(anonymous_1)
FNDA:5,(anonymous_2)
DA:2,2
DA:5,2
DA:6,8
DA:8,5
DA:10,5
DA:11,1
DA:16,4
DA:17,4
DA:19,3
DA:20,1
DA:21,0
DA:25,1
DA:26,1
DA:30,0
DA:31,0
DA:35,2
DA:36,0
DA:39,2
DA:43,1
LF:19
LH:15
BRDA:8,0,0,1
BRDA:8,0,1,4
BRDA:8,1,0,5
BRDA:8,1,1,5
BRDA:10,2,0,1
BRDA:19,3,0,1
BRDA:19,3,1,2
BRDA:20,4,0,0
BRDA:25,5,0,1
BRDA:30,6,0,0
BRDA:35,7,0,0
BRDA:35,8,0,2
BRDA:35,8,1,2
BRF:13
BRH:10
end_of_record
TN:
SF:src\routes\dish.routes.ts
FNF:0
FNH:0
DA:1,2
DA:2,2
DA:3,2
DA:5,2
DA:7,2
DA:14,2
LF:6
LH:6
BRF:0
BRH:0
end_of_record
TN:
SF:src\routes\order.routes.ts
FNF:0
FNH:0
DA:1,2
DA:2,2
DA:3,2
DA:5,2
DA:7,2
DA:12,2
LF:6
LH:6
BRF:0
BRH:0
end_of_record
TN:
SF:src\routes\restaurant.employee.routes.ts
FNF:0
FNH:0
DA:1,2
DA:2,2
DA:4,2
DA:6,2
DA:10,2
LF:5
LH:5
BRF:0
BRH:0
end_of_record
TN:
SF:src\routes\restaurant.routes.ts
FNF:0
FNH:0
DA:1,2
DA:2,2
DA:3,2
DA:5,2
DA:7,2
DA:12,2
LF:6
LH:6
BRF:0
BRH:0
end_of_record
TN:
SF:src\sdks\cloudinary.sdk.ts
FNF:0
FNH:0
DA:1,2
DA:3,2
DA:10,2
LF:3
LH:3
BRF:0
BRH:0
end_of_record
