TN:
SF:src\connections\prisma.connection.ts
FN:6,(anonymous_0)
FN:7,(anonymous_1)
FNF:2
FNH:0
FNDA:0,(anonymous_0)
FNDA:0,(anonymous_1)
DA:1,5
DA:3,5
DA:5,5
DA:6,0
DA:7,0
DA:9,5
LF:6
LH:4
BRF:0
BRH:0
end_of_record
TN:
SF:src\core\dish\application\get.dish.by.id.ts
FN:6,(anonymous_7)
FN:10,(anonymous_8)
FNF:2
FNH:2
FNDA:2,(anonymous_7)
FNDA:2,(anonymous_8)
DA:3,1
DA:7,2
DA:11,2
DA:13,2
DA:14,1
DA:17,1
LF:6
LH:6
BRDA:13,0,0,1
BRF:1
BRH:1
end_of_record
TN:
SF:src\core\dish\application\insert.dish.ts
FN:13,(anonymous_8)
FN:19,(anonymous_9)
FNF:2
FNH:2
FNDA:1,(anonymous_8)
FNDA:1,(anonymous_9)
DA:1,1
DA:2,1
DA:3,1
DA:8,1
DA:14,1
DA:21,1
DA:22,1
DA:25,0
DA:26,0
DA:27,0
DA:30,0
DA:31,0
DA:33,0
DA:44,0
DA:45,0
LF:15
LH:7
BRDA:21,0,0,1
BRDA:21,1,0,1
BRDA:21,1,1,1
BRDA:21,1,2,1
BRDA:21,1,3,1
BRDA:21,1,4,1
BRDA:21,1,5,1
BRDA:26,2,0,0
BRF:8
BRH:7
end_of_record
TN:
SF:src\core\dish\application\list.dishes.by.restaurantId.ts
FN:6,(anonymous_7)
FN:10,(anonymous_8)
FN:13,(anonymous_10)
FN:24,(anonymous_11)
FNF:4
FNH:4
FNDA:1,(anonymous_7)
FNDA:1,(anonymous_8)
FNDA:16,(anonymous_10)
FNDA:3,(anonymous_11)
DA:3,1
DA:7,1
DA:11,1
DA:13,1
DA:14,16
DA:16,16
DA:17,3
DA:19,16
DA:21,16
DA:24,1
DA:25,3
DA:26,3
DA:27,3
DA:29,3
DA:30,9
DA:31,9
DA:33,9
DA:34,9
DA:37,3
DA:40,1
LF:20
LH:20
BRDA:16,0,0,3
BRF:1
BRH:1
end_of_record
TN:
SF:src\core\dish\application\update.dish.by.id.ts
FN:8,(anonymous_8)
FN:12,(anonymous_9)
FNF:2
FNH:2
FNDA:1,(anonymous_8)
FNDA:1,(anonymous_9)
DA:1,1
DA:3,1
DA:5,1
DA:9,1
DA:14,1
DA:15,0
DA:18,1
DA:26,1
DA:27,0
DA:30,1
DA:31,1
LF:11
LH:9
BRDA:14,0,0,0
BRDA:14,1,0,1
BRDA:14,1,1,1
BRDA:14,1,2,1
BRDA:26,2,0,0
BRF:5
BRH:3
end_of_record
TN:
SF:src\core\dish\application\update.state.dish.by.id.ts
FN:6,(anonymous_7)
FN:10,(anonymous_8)
FNF:2
FNH:2
FNDA:1,(anonymous_7)
FNDA:1,(anonymous_8)
DA:3,1
DA:7,1
DA:12,1
DA:13,0
DA:16,1
DA:17,1
LF:6
LH:5
BRDA:12,0,0,0
BRF:1
BRH:0
end_of_record
TN:
SF:src\core\dish\domain\dish.dto.ts
FN:31,(anonymous_1)
FNF:1
FNH:1
FNDA:2,(anonymous_1)
DA:1,3
DA:8,3
DA:11,3
DA:14,3
DA:17,3
DA:22,3
DA:25,3
DA:29,3
DA:32,2
LF:9
LH:9
BRF:0
BRH:0
end_of_record
TN:
SF:src\core\dish\domain\dish.model.ts
FN:12,(anonymous_0)
FNF:1
FNH:1
FNDA:1,(anonymous_0)
DA:2,2
DA:13,1
LF:2
LH:2
BRF:0
BRH:0
end_of_record
TN:
SF:src\core\dish\infraestructure\prisma\dish.prisma.repository.ts
FN:7,(anonymous_8)
FN:24,(anonymous_10)
FN:38,(anonymous_12)
FN:48,(anonymous_14)
FN:61,(anonymous_16)
FNF:5
FNH:0
FNDA:0,(anonymous_8)
FNDA:0,(anonymous_10)
FNDA:0,(anonymous_12)
FNDA:0,(anonymous_14)
FNDA:0,(anonymous_16)
DA:1,5
DA:5,5
DA:8,0
DA:21,0
DA:25,0
DA:35,0
DA:39,0
DA:45,0
DA:49,0
DA:58,0
DA:62,0
DA:63,0
DA:69,0
DA:71,0
LF:14
LH:2
BRF:0
BRH:0
end_of_record
TN:
SF:src\core\dish\infraestructure\uuid\dish.uuid.repository.ts
FN:6,(anonymous_0)
FNF:1
FNH:0
FNDA:0,(anonymous_0)
DA:1,1
DA:4,1
DA:7,0
LF:3
LH:2
BRF:0
BRH:0
end_of_record
TN:
SF:src\core\order\domain\order.model.ts
FN:8,(anonymous_0)
FNF:1
FNH:1
FNDA:1,(anonymous_0)
DA:2,1
DA:9,1
DA:12,1
LF:3
LH:3
BRF:0
BRH:0
end_of_record
TN:
SF:src\core\orderdishes\domain\orderdishes.model.ts
FN:8,(anonymous_0)
FNF:1
FNH:1
FNDA:1,(anonymous_0)
DA:2,1
DA:9,1
LF:2
LH:2
BRF:0
BRH:0
end_of_record
TN:
SF:src\core\restaurant\domain\restaurant.model.ts
FN:11,(anonymous_0)
FNF:1
FNH:1
FNDA:1,(anonymous_0)
DA:2,1
DA:12,1
LF:2
LH:2
BRF:0
BRH:0
end_of_record
TN:
SF:src\core\restaurant\infraestructure\cloudinary\image.cloudinary.repository.ts
FN:6,(anonymous_8)
FNF:1
FNH:0
FNDA:0,(anonymous_8)
DA:1,1
DA:4,1
DA:8,0
DA:9,0
LF:4
LH:2
BRF:0
BRH:0
end_of_record
TN:
SF:src\core\restaurantemployee\domain\restaurant.employee.model.ts
FN:7,(anonymous_0)
FNF:1
FNH:1
FNDA:1,(anonymous_0)
DA:2,1
DA:8,1
LF:2
LH:2
BRF:0
BRH:0
end_of_record
TN:
SF:src\sdks\cloudinary.sdk.ts
FNF:0
FNH:0
DA:1,1
DA:3,1
DA:10,1
LF:3
LH:3
BRF:0
BRH:0
end_of_record
